Using pre-set license
Built from '2022.1/staging' branch; Version is '2022.1.2f1 (9427c1534183) revision 9709505'; Using compiler version '192829333'; Build Type 'Release'
OS: 'Windows 10  (10.0.19045) 64bit CoreSingleLanguage' Language: 'en' Physical Memory: 7103 MB
BatchMode: 1, IsHumanControllingUs: 0, StartBugReporterOnCrash: 0, Is64bit: 1, IsPro: 1

COMMAND LINE ARGUMENTS:
D:\Unity\Hub\Editor\2022.1.2f1\Editor\Unity.exe
-adb2
-batchMode
-noUpm
-name
AssetImportWorker3
-projectPath
C:/Users/WillowPunch/OneDrive/Рабочий стол/Practice 4/ZaebisIgra
-logFile
Logs/AssetImportWorker3.log
-srvPort
64254
Successfully changed project path to: C:/Users/WillowPunch/OneDrive/Рабочий стол/Practice 4/ZaebisIgra
C:/Users/WillowPunch/OneDrive/Рабочий стол/Practice 4/ZaebisIgra
[UnityMemory] Configuration Parameters - Can be set up in boot.config
    "memorysetup-bucket-allocator-granularity=16"
    "memorysetup-bucket-allocator-bucket-count=8"
    "memorysetup-bucket-allocator-block-size=33554432"
    "memorysetup-bucket-allocator-block-count=8"
    "memorysetup-main-allocator-block-size=16777216"
    "memorysetup-thread-allocator-block-size=16777216"
    "memorysetup-gfx-main-allocator-block-size=16777216"
    "memorysetup-gfx-thread-allocator-block-size=16777216"
    "memorysetup-cache-allocator-block-size=4194304"
    "memorysetup-typetree-allocator-block-size=2097152"
    "memorysetup-profiler-bucket-allocator-granularity=16"
    "memorysetup-profiler-bucket-allocator-bucket-count=8"
    "memorysetup-profiler-bucket-allocator-block-size=33554432"
    "memorysetup-profiler-bucket-allocator-block-count=8"
    "memorysetup-profiler-allocator-block-size=16777216"
    "memorysetup-profiler-editor-allocator-block-size=1048576"
    "memorysetup-temp-allocator-size-main=16777216"
    "memorysetup-job-temp-allocator-block-size=2097152"
    "memorysetup-job-temp-allocator-block-size-background=1048576"
    "memorysetup-job-temp-allocator-reduction-small-platforms=262144"
    "memorysetup-temp-allocator-size-background-worker=32768"
    "memorysetup-temp-allocator-size-job-worker=262144"
    "memorysetup-temp-allocator-size-preload-manager=33554432"
    "memorysetup-temp-allocator-size-nav-mesh-worker=65536"
    "memorysetup-temp-allocator-size-audio-worker=65536"
    "memorysetup-temp-allocator-size-cloud-worker=32768"
    "memorysetup-temp-allocator-size-gi-baking-worker=262144"
    "memorysetup-temp-allocator-size-gfx=262144"
Refreshing native plugins compatible for Editor in 261.96 ms, found 4 plugins.
Preloading 0 native plugins for Editor in 0.00 ms.
Initialize engine version: 2022.1.2f1 (9427c1534183)
[Subsystems] Discovering subsystems at path D:/Unity/Hub/Editor/2022.1.2f1/Editor/Data/Resources/UnitySubsystems
[Subsystems] Discovering subsystems at path C:/Users/WillowPunch/OneDrive/Рабочий стол/Practice 4/ZaebisIgra/Assets
GfxDevice: creating device client; threaded=0; jobified=0
Direct3D:
    Version:  Direct3D 11.0 [level 11.1]
    Renderer: AMD Radeon(TM) RX Vega 10 Graphics (ID=0x15d8)
    Vendor:   ATI
    VRAM:     3551 MB
    Driver:   26.20.11030.22001
Initialize mono
Mono path[0] = 'D:/Unity/Hub/Editor/2022.1.2f1/Editor/Data/Managed'
Mono path[1] = 'D:/Unity/Hub/Editor/2022.1.2f1/Editor/Data/MonoBleedingEdge/lib/mono/unityjit-win32'
Mono config path = 'D:/Unity/Hub/Editor/2022.1.2f1/Editor/Data/MonoBleedingEdge/etc'
Using monoOptions --debugger-agent=transport=dt_socket,embedding=1,server=y,suspend=n,address=127.0.0.1:56188
Begin MonoManager ReloadAssembly
Registering precompiled unity dll's ...
Register platform support module: D:/Unity/Hub/Editor/2022.1.2f1/Editor/Data/PlaybackEngines/WindowsStandaloneSupport/UnityEditor.WindowsStandalone.Extensions.dll
Registered in 0.046934 seconds.
Native extension for WindowsStandalone target not found
Refreshing native plugins compatible for Editor in 231.04 ms, found 4 plugins.
Preloading 0 native plugins for Editor in 0.00 ms.
Mono: successfully reloaded assembly
- Completed reload, in  2.554 seconds
Domain Reload Profiling:
	ReloadAssembly (2556ms)
		BeginReloadAssembly (229ms)
			ExecutionOrderSort (0ms)
			DisableScriptedObjects (0ms)
			BackupInstance (0ms)
			ReleaseScriptingObjects (0ms)
			CreateAndSetChildDomain (2ms)
		EndReloadAssembly (1594ms)
			LoadAssemblies (227ms)
			RebuildTransferFunctionScriptingTraits (0ms)
			SetupTypeCache (466ms)
				TypeCache.Initialize (464ms)
					TypeCache.ScanAssembly (459ms)
				ResolveRequiredComponents (2ms)
			ReleaseScriptCaches (0ms)
			RebuildScriptCaches (112ms)
			SetupLoadedEditorAssemblies (824ms)
				LogAssemblyErrors (0ms)
				InitializePlatformSupportModulesInManaged (18ms)
				SetLoadedEditorAssemblies (19ms)
				RefreshPlugins (231ms)
				BeforeProcessingInitializeOnLoad (3ms)
				ProcessInitializeOnLoadAttributes (404ms)
				ProcessInitializeOnLoadMethodAttributes (148ms)
				AfterProcessingInitializeOnLoad (0ms)
				EditorAssembliesLoaded (0ms)
			ExecutionOrderSort2 (0ms)
			AwakeInstancesAfterBackupRestoration (0ms)
Platform modules already initialized, skipping
Registering precompiled user dll's ...
Registered in 0.026204 seconds.
Begin MonoManager ReloadAssembly
Symbol file LoadedFromMemory doesn't match image C:\Users\WillowPunch\OneDrive\Рабочий стол\Practice 4\ZaebisIgra\Library\PackageCache\com.unity.visualscripting@1.7.8\Editor\VisualScripting.Core\Dependencies\YamlDotNet\Unity.VisualScripting.YamlDotNet.dll
Symbol file LoadedFromMemory doesn't match image C:\Users\WillowPunch\OneDrive\Рабочий стол\Practice 4\ZaebisIgra\Library\PackageCache\com.unity.visualscripting@1.7.8\Editor\VisualScripting.Core\Dependencies\DotNetZip\Unity.VisualScripting.IonicZip.dll
Native extension for WindowsStandalone target not found
Refreshing native plugins compatible for Editor in 236.74 ms, found 4 plugins.
Preloading 0 native plugins for Editor in 0.00 ms.
Mono: successfully reloaded assembly
- Completed reload, in  4.121 seconds
Domain Reload Profiling:
	ReloadAssembly (4124ms)
		BeginReloadAssembly (329ms)
			ExecutionOrderSort (0ms)
			DisableScriptedObjects (14ms)
			BackupInstance (0ms)
			ReleaseScriptingObjects (1ms)
			CreateAndSetChildDomain (61ms)
		EndReloadAssembly (3397ms)
			LoadAssemblies (307ms)
			RebuildTransferFunctionScriptingTraits (0ms)
			SetupTypeCache (856ms)
				TypeCache.Initialize (820ms)
					TypeCache.ScanAssembly (808ms)
				ResolveRequiredComponents (35ms)
			ReleaseScriptCaches (3ms)
			RebuildScriptCaches (275ms)
			SetupLoadedEditorAssemblies (1605ms)
				LogAssemblyErrors (0ms)
				InitializePlatformSupportModulesInManaged (10ms)
				SetLoadedEditorAssemblies (18ms)
				RefreshPlugins (237ms)
				BeforeProcessingInitializeOnLoad (288ms)
				ProcessInitializeOnLoadAttributes (897ms)
				ProcessInitializeOnLoadMethodAttributes (144ms)
				AfterProcessingInitializeOnLoad (10ms)
				EditorAssembliesLoaded (1ms)
			ExecutionOrderSort2 (0ms)
			AwakeInstancesAfterBackupRestoration (27ms)
Platform modules already initialized, skipping
========================================================================
Worker process is ready to serve import requests
Launched and connected shader compiler UnityShaderCompiler.exe after 0.18 seconds
Refreshing native plugins compatible for Editor in 2.16 ms, found 4 plugins.
Preloading 0 native plugins for Editor in 0.00 ms.
Unloading 4151 Unused Serialized files (Serialized files now loaded: 0)
Unloading 39 unused Assets / (57.5 KB). Loaded Objects now: 4612.
Memory consumption went from 0.63 GB to 0.63 GB.
Total: 10.850900 ms (FindLiveObjects: 1.179200 ms CreateObjectMapping: 1.402500 ms MarkObjects: 8.057500 ms  DeleteObjects: 0.208900 ms)

AssetImportParameters requested are different than current active one (requested -> active):
  custom:video-decoder-ogg-theora: a1e56fd34408186e4bbccfd4996cb3dc -> 
  custom:container-muxer-webm: aa71ff27fc2769a1b78a27578f13a17b -> 
  custom:container-demuxer-webm: 4f35f7cbe854078d1ac9338744f61a02 -> 
  custom:video-encoder-webm-vp8: eb34c28f22e8b96e1ab97ce403110664 -> 
  custom:video-codec-MediaFoundation-h265: 746d11721c4dcdbdad8f713fa42b33f4 -> 
  custom:audio-encoder-webm-vorbis: bf7c407c2cedff20999df2af8eb42d56 -> 
  custom:framework-win-MediaFoundation: 216162199b28c13a410421893ffa2e32 -> 
  custom:container-demuxer-ogg: 62fdf1f143b41e24485cea50d1cbac27 -> 
  custom:video-decoder-webm-vp8: 9c59270c3fd7afecdb556c50c9e8de78 -> 
  custom:audio-decoder-ogg-vorbis: bf7c407c2cedff20999df2af8eb42d56 -> 
========================================================================
Received Import Request.
  Time since last request: 3003992.616077 seconds.
  path: Assets/Object/EnemyTopDown.prefab
  artifactKey: Guid(777bf084acf5fc042a6890ee45d01801) Importer(815301076,1909f56bfc062723c751e8b465ee728b)
Start importing Assets/Object/EnemyTopDown.prefab using Guid(777bf084acf5fc042a6890ee45d01801) Importer(815301076,1909f56bfc062723c751e8b465ee728b)  -> (artifact id: '9101dcf7f7b6f2954aa7db6bb2b83f54') in 0.447155 seconds 
========================================================================
Received Import Request.
  Time since last request: 0.000059 seconds.
  path: Assets/Object/ShotgunTopDown.prefab
  artifactKey: Guid(83ec363d33c05f0469afbf934f55b8e3) Importer(815301076,1909f56bfc062723c751e8b465ee728b)
Start importing Assets/Object/ShotgunTopDown.prefab using Guid(83ec363d33c05f0469afbf934f55b8e3) Importer(815301076,1909f56bfc062723c751e8b465ee728b)  -> (artifact id: '34123bb82ccbb55451010fc10f046612') in 0.072803 seconds 
========================================================================
Received Import Request.
  Time since last request: 0.000313 seconds.
  path: Assets/Object/Level.prefab
  artifactKey: Guid(24991050febe5bb47b5963dbdf6dfedf) Importer(815301076,1909f56bfc062723c751e8b465ee728b)
Start importing Assets/Object/Level.prefab using Guid(24991050febe5bb47b5963dbdf6dfedf) Importer(815301076,1909f56bfc062723c751e8b465ee728b)  -> (artifact id: '34e9a339af39c075373435799b2535a8') in 0.071489 seconds 
========================================================================
Received Import Request.
  Time since last request: 0.000038 seconds.
  path: Assets/Object/Main Camera.prefab
  artifactKey: Guid(a76c56b6c1437b34dac8d5871b675f07) Importer(815301076,1909f56bfc062723c751e8b465ee728b)
Start importing Assets/Object/Main Camera.prefab using Guid(a76c56b6c1437b34dac8d5871b675f07) Importer(815301076,1909f56bfc062723c751e8b465ee728b)  -> (artifact id: '181e8225691e8b08e49ed8b0d111351c') in 0.250208 seconds 
========================================================================
Received Import Request.
  Time since last request: 11.417404 seconds.
  path: Assets/Materials/tileset1_2.asset
  artifactKey: Guid(a7d5397a4520d7b489244173f3bc1177) Importer(815301076,1909f56bfc062723c751e8b465ee728b)
Start importing Assets/Materials/tileset1_2.asset using Guid(a7d5397a4520d7b489244173f3bc1177) Importer(815301076,1909f56bfc062723c751e8b465ee728b)  -> (artifact id: '0537b3ce081e93ebe4530d2fedb0cb40') in 0.054810 seconds 
========================================================================
Received Import Request.
  Time since last request: 0.000038 seconds.
  path: Assets/Materials/tileset1_4.asset
  artifactKey: Guid(7c51dfdeaba8feb49b1872dd9231e492) Importer(815301076,1909f56bfc062723c751e8b465ee728b)
Start importing Assets/Materials/tileset1_4.asset using Guid(7c51dfdeaba8feb49b1872dd9231e492) Importer(815301076,1909f56bfc062723c751e8b465ee728b)  -> (artifact id: '282490a3d4e5f452ca8d226e2bf0e3bb') in 0.045365 seconds 
========================================================================
Received Import Request.
  Time since last request: 0.000048 seconds.
  path: Assets/Materials/tileset1_21.asset
  artifactKey: Guid(ddb33a9ee5cb7144788f5b3509185694) Importer(815301076,1909f56bfc062723c751e8b465ee728b)
Start importing Assets/Materials/tileset1_21.asset using Guid(ddb33a9ee5cb7144788f5b3509185694) Importer(815301076,1909f56bfc062723c751e8b465ee728b)  -> (artifact id: 'dcef17edd8ac74889d484bcd804d9d71') in 0.047704 seconds 
========================================================================
Received Import Request.
  Time since last request: 0.000073 seconds.
  path: Assets/Materials/tilesetbg_10.asset
  artifactKey: Guid(e33f55cb5691453489f47f8b0e695bd1) Importer(815301076,1909f56bfc062723c751e8b465ee728b)
Start importing Assets/Materials/tilesetbg_10.asset using Guid(e33f55cb5691453489f47f8b0e695bd1) Importer(815301076,1909f56bfc062723c751e8b465ee728b)  -> (artifact id: 'd2d3844ef4f442852c9888a0b74d3830') in 0.049761 seconds 
========================================================================
Received Import Request.
  Time since last request: 0.000052 seconds.
  path: Assets/Materials/tileset1_18.asset
  artifactKey: Guid(d1728cc423e270c4e868462abd063485) Importer(815301076,1909f56bfc062723c751e8b465ee728b)
Start importing Assets/Materials/tileset1_18.asset using Guid(d1728cc423e270c4e868462abd063485) Importer(815301076,1909f56bfc062723c751e8b465ee728b)  -> (artifact id: '31f47194c8d12dbf77ef8f1ecf5f89fc') in 0.050945 seconds 
========================================================================
Received Import Request.
  Time since last request: 0.000080 seconds.
  path: Assets/Materials/tileset1_8.asset
  artifactKey: Guid(3dc08013090af49419580aa585aaec5e) Importer(815301076,1909f56bfc062723c751e8b465ee728b)
Start importing Assets/Materials/tileset1_8.asset using Guid(3dc08013090af49419580aa585aaec5e) Importer(815301076,1909f56bfc062723c751e8b465ee728b)  -> (artifact id: 'f5eb65c7c443b064176e99e37bc3fb42') in 0.043298 seconds 
========================================================================
Received Import Request.
  Time since last request: 0.000072 seconds.
  path: Assets/Materials/tileset1_12.asset
  artifactKey: Guid(d6258a5f0f3cb7d48945cfdce874314e) Importer(815301076,1909f56bfc062723c751e8b465ee728b)
Start importing Assets/Materials/tileset1_12.asset using Guid(d6258a5f0f3cb7d48945cfdce874314e) Importer(815301076,1909f56bfc062723c751e8b465ee728b)  -> (artifact id: '2fa6715cf43ad5f82ea61943ecf35216') in 0.049351 seconds 
========================================================================
Received Import Request.
  Time since last request: 0.000062 seconds.
  path: Assets/Materials/tileset1_22.asset
  artifactKey: Guid(ab226f8af03470e45b8aa599557a3426) Importer(815301076,1909f56bfc062723c751e8b465ee728b)
Start importing Assets/Materials/tileset1_22.asset using Guid(ab226f8af03470e45b8aa599557a3426) Importer(815301076,1909f56bfc062723c751e8b465ee728b)  -> (artifact id: '602006523ed7a0000b885aa0782ce1de') in 0.043573 seconds 
========================================================================
Received Import Request.
  Time since last request: 0.000064 seconds.
  path: Assets/Materials/tilesetbg_3.asset
  artifactKey: Guid(38987a5e7b6b95a45a5872777063159e) Importer(815301076,1909f56bfc062723c751e8b465ee728b)
Start importing Assets/Materials/tilesetbg_3.asset using Guid(38987a5e7b6b95a45a5872777063159e) Importer(815301076,1909f56bfc062723c751e8b465ee728b)  -> (artifact id: 'adb7feceaebacfb9f0a15341b9d8aac6') in 0.051119 seconds 
========================================================================
Received Import Request.
  Time since last request: 31.979730 seconds.
  path: Assets/Materials/our-best-proj/check_shader.png
  artifactKey: Guid(d01c31b9d107b48479b4a5a4e83b2f15) Importer(815301076,1909f56bfc062723c751e8b465ee728b)
Start importing Assets/Materials/our-best-proj/check_shader.png using Guid(d01c31b9d107b48479b4a5a4e83b2f15) Importer(815301076,1909f56bfc062723c751e8b465ee728b)  -> (artifact id: '14dd60a5d6f3d18fb5561e394256136d') in 0.244918 seconds 
========================================================================
Received Import Request.
  Time since last request: 0.000052 seconds.
  path: Assets/Materials/our-best-proj/fusion sheet..png
  artifactKey: Guid(a0b5cbcc5a6aa81488934bf6d05bd0ef) Importer(815301076,1909f56bfc062723c751e8b465ee728b)
Start importing Assets/Materials/our-best-proj/fusion sheet..png using Guid(a0b5cbcc5a6aa81488934bf6d05bd0ef) Importer(815301076,1909f56bfc062723c751e8b465ee728b)  -> (artifact id: '73671da5ce0e098275b1c03c461fa552') in 0.054682 seconds 
========================================================================
Received Import Request.
  Time since last request: 0.000086 seconds.
  path: Assets/Materials/our-best-proj/check_shader-export.png
  artifactKey: Guid(db2189719f85dd34991d3bb88cdbe1ba) Importer(815301076,1909f56bfc062723c751e8b465ee728b)
Start importing Assets/Materials/our-best-proj/check_shader-export.png using Guid(db2189719f85dd34991d3bb88cdbe1ba) Importer(815301076,1909f56bfc062723c751e8b465ee728b)  -> (artifact id: '10f189ec254da66517fa94e4072c29bc') in 0.379519 seconds 
========================================================================
Received Import Request.
  Time since last request: 0.000054 seconds.
  path: Assets/Materials/our-best-proj/Size Comparison1..png
  artifactKey: Guid(d5aeda25cc04205418055df1763c717f) Importer(815301076,1909f56bfc062723c751e8b465ee728b)
Start importing Assets/Materials/our-best-proj/Size Comparison1..png using Guid(d5aeda25cc04205418055df1763c717f) Importer(815301076,1909f56bfc062723c751e8b465ee728b)  -> (artifact id: '16f07511bbe0b3ad5bdd75a589d72e60') in 0.263214 seconds 
========================================================================
Received Import Request.
  Time since last request: 0.000063 seconds.
  path: Assets/Materials/our-best-proj/portable-hook1.png
  artifactKey: Guid(14b2e59fcc6574041a17694e26fd7e5a) Importer(815301076,1909f56bfc062723c751e8b465ee728b)
Start importing Assets/Materials/our-best-proj/portable-hook1.png using Guid(14b2e59fcc6574041a17694e26fd7e5a) Importer(815301076,1909f56bfc062723c751e8b465ee728b)  -> (artifact id: 'bed1a5421cfd4236984076f2250fa817') in 0.107150 seconds 
========================================================================
Received Import Request.
  Time since last request: 0.000106 seconds.
  path: Assets/Materials/our-best-proj/floor.png
  artifactKey: Guid(536f500cfe384234da8dcbc0c0fd4b7f) Importer(815301076,1909f56bfc062723c751e8b465ee728b)
Start importing Assets/Materials/our-best-proj/floor.png using Guid(536f500cfe384234da8dcbc0c0fd4b7f) Importer(815301076,1909f56bfc062723c751e8b465ee728b)  -> (artifact id: '78a0e02e7c9e9193e9095c26b73ccc20') in 0.057103 seconds 
========================================================================
Received Import Request.
  Time since last request: 0.000055 seconds.
  path: Assets/Materials/our-best-proj/Sprite-000w_aseprite1.png
  artifactKey: Guid(107ede50ed73c624cb0865e4f59020c1) Importer(815301076,1909f56bfc062723c751e8b465ee728b)
Start importing Assets/Materials/our-best-proj/Sprite-000w_aseprite1.png using Guid(107ede50ed73c624cb0865e4f59020c1) Importer(815301076,1909f56bfc062723c751e8b465ee728b)  -> (artifact id: '6ccae22ecf170f3e6dab0a56e1c761e8') in 0.100386 seconds 
========================================================================
Received Import Request.
  Time since last request: 21.199489 seconds.
  path: Assets/Materials/tilesetbg_14.asset
  artifactKey: Guid(fd470a6b011f4c0429efee02a78386c8) Importer(815301076,1909f56bfc062723c751e8b465ee728b)
Start importing Assets/Materials/tilesetbg_14.asset using Guid(fd470a6b011f4c0429efee02a78386c8) Importer(815301076,1909f56bfc062723c751e8b465ee728b)  -> (artifact id: 'cf7074d20bb2ed593c392924036c9005') in 0.075350 seconds 
========================================================================
Received Import Request.
  Time since last request: 0.000058 seconds.
  path: Assets/Materials/tilesetbg_21.asset
  artifactKey: Guid(a0846170429b23345ac64e3f7f984f05) Importer(815301076,1909f56bfc062723c751e8b465ee728b)
Start importing Assets/Materials/tilesetbg_21.asset using Guid(a0846170429b23345ac64e3f7f984f05) Importer(815301076,1909f56bfc062723c751e8b465ee728b)  -> (artifact id: 'd63a2b2ff35a537823768369785d457f') in 0.058541 seconds 
========================================================================
Received Import Request.
  Time since last request: 0.000102 seconds.
  path: Assets/Materials/tilesetbg_23.asset
  artifactKey: Guid(b2ea009d89ff8854e84a6858109c61e8) Importer(815301076,1909f56bfc062723c751e8b465ee728b)
Start importing Assets/Materials/tilesetbg_23.asset using Guid(b2ea009d89ff8854e84a6858109c61e8) Importer(815301076,1909f56bfc062723c751e8b465ee728b)  -> (artifact id: 'a38ab473e1873c0312a26eb3860325b1') in 0.043663 seconds 
Editor requested this worker to shutdown with reason: Scaling down because of idle timeout
AssetImportWorker is now disconnected from the server
Process exiting
Exiting without the bug reporter. Application will terminate with return code 0