Using pre-set license
Built from '2022.1/staging' branch; Version is '2022.1.2f1 (9427c1534183) revision 9709505'; Using compiler version '192829333'; Build Type 'Release'
OS: 'Windows 10  (10.0.19045) 64bit CoreSingleLanguage' Language: 'en' Physical Memory: 7103 MB
BatchMode: 1, IsHumanControllingUs: 0, StartBugReporterOnCrash: 0, Is64bit: 1, IsPro: 1

COMMAND LINE ARGUMENTS:
D:\Unity\Hub\Editor\2022.1.2f1\Editor\Unity.exe
-adb2
-batchMode
-noUpm
-name
AssetImportWorker2
-projectPath
C:/Users/WillowPunch/OneDrive/Рабочий стол/Practice 4/ZaebisIgra
-logFile
Logs/AssetImportWorker2.log
-srvPort
64254
Successfully changed project path to: C:/Users/WillowPunch/OneDrive/Рабочий стол/Practice 4/ZaebisIgra
C:/Users/WillowPunch/OneDrive/Рабочий стол/Practice 4/ZaebisIgra
[UnityMemory] Configuration Parameters - Can be set up in boot.config
    "memorysetup-bucket-allocator-granularity=16"
    "memorysetup-bucket-allocator-bucket-count=8"
    "memorysetup-bucket-allocator-block-size=33554432"
    "memorysetup-bucket-allocator-block-count=8"
    "memorysetup-main-allocator-block-size=16777216"
    "memorysetup-thread-allocator-block-size=16777216"
    "memorysetup-gfx-main-allocator-block-size=16777216"
    "memorysetup-gfx-thread-allocator-block-size=16777216"
    "memorysetup-cache-allocator-block-size=4194304"
    "memorysetup-typetree-allocator-block-size=2097152"
    "memorysetup-profiler-bucket-allocator-granularity=16"
    "memorysetup-profiler-bucket-allocator-bucket-count=8"
    "memorysetup-profiler-bucket-allocator-block-size=33554432"
    "memorysetup-profiler-bucket-allocator-block-count=8"
    "memorysetup-profiler-allocator-block-size=16777216"
    "memorysetup-profiler-editor-allocator-block-size=1048576"
    "memorysetup-temp-allocator-size-main=16777216"
    "memorysetup-job-temp-allocator-block-size=2097152"
    "memorysetup-job-temp-allocator-block-size-background=1048576"
    "memorysetup-job-temp-allocator-reduction-small-platforms=262144"
    "memorysetup-temp-allocator-size-background-worker=32768"
    "memorysetup-temp-allocator-size-job-worker=262144"
    "memorysetup-temp-allocator-size-preload-manager=33554432"
    "memorysetup-temp-allocator-size-nav-mesh-worker=65536"
    "memorysetup-temp-allocator-size-audio-worker=65536"
    "memorysetup-temp-allocator-size-cloud-worker=32768"
    "memorysetup-temp-allocator-size-gi-baking-worker=262144"
    "memorysetup-temp-allocator-size-gfx=262144"
Refreshing native plugins compatible for Editor in 260.21 ms, found 4 plugins.
Preloading 0 native plugins for Editor in 0.00 ms.
Initialize engine version: 2022.1.2f1 (9427c1534183)
[Subsystems] Discovering subsystems at path D:/Unity/Hub/Editor/2022.1.2f1/Editor/Data/Resources/UnitySubsystems
[Subsystems] Discovering subsystems at path C:/Users/WillowPunch/OneDrive/Рабочий стол/Practice 4/ZaebisIgra/Assets
GfxDevice: creating device client; threaded=0; jobified=0
Direct3D:
    Version:  Direct3D 11.0 [level 11.1]
    Renderer: AMD Radeon(TM) RX Vega 10 Graphics (ID=0x15d8)
    Vendor:   ATI
    VRAM:     3551 MB
    Driver:   26.20.11030.22001
Initialize mono
Mono path[0] = 'D:/Unity/Hub/Editor/2022.1.2f1/Editor/Data/Managed'
Mono path[1] = 'D:/Unity/Hub/Editor/2022.1.2f1/Editor/Data/MonoBleedingEdge/lib/mono/unityjit-win32'
Mono config path = 'D:/Unity/Hub/Editor/2022.1.2f1/Editor/Data/MonoBleedingEdge/etc'
Using monoOptions --debugger-agent=transport=dt_socket,embedding=1,server=y,suspend=n,address=127.0.0.1:56896
Begin MonoManager ReloadAssembly
Registering precompiled unity dll's ...
Register platform support module: D:/Unity/Hub/Editor/2022.1.2f1/Editor/Data/PlaybackEngines/WindowsStandaloneSupport/UnityEditor.WindowsStandalone.Extensions.dll
Registered in 0.057525 seconds.
Native extension for WindowsStandalone target not found
Refreshing native plugins compatible for Editor in 215.53 ms, found 4 plugins.
Preloading 0 native plugins for Editor in 0.00 ms.
Mono: successfully reloaded assembly
- Completed reload, in  2.511 seconds
Domain Reload Profiling:
	ReloadAssembly (2512ms)
		BeginReloadAssembly (225ms)
			ExecutionOrderSort (0ms)
			DisableScriptedObjects (0ms)
			BackupInstance (0ms)
			ReleaseScriptingObjects (0ms)
			CreateAndSetChildDomain (1ms)
		EndReloadAssembly (1557ms)
			LoadAssemblies (224ms)
			RebuildTransferFunctionScriptingTraits (0ms)
			SetupTypeCache (439ms)
				TypeCache.Initialize (437ms)
					TypeCache.ScanAssembly (432ms)
				ResolveRequiredComponents (2ms)
			ReleaseScriptCaches (0ms)
			RebuildScriptCaches (120ms)
			SetupLoadedEditorAssemblies (797ms)
				LogAssemblyErrors (0ms)
				InitializePlatformSupportModulesInManaged (17ms)
				SetLoadedEditorAssemblies (19ms)
				RefreshPlugins (216ms)
				BeforeProcessingInitializeOnLoad (3ms)
				ProcessInitializeOnLoadAttributes (403ms)
				ProcessInitializeOnLoadMethodAttributes (139ms)
				AfterProcessingInitializeOnLoad (0ms)
				EditorAssembliesLoaded (0ms)
			ExecutionOrderSort2 (0ms)
			AwakeInstancesAfterBackupRestoration (0ms)
Platform modules already initialized, skipping
Registering precompiled user dll's ...
Registered in 0.025366 seconds.
Begin MonoManager ReloadAssembly
Symbol file LoadedFromMemory doesn't match image C:\Users\WillowPunch\OneDrive\Рабочий стол\Practice 4\ZaebisIgra\Library\PackageCache\com.unity.visualscripting@1.7.8\Editor\VisualScripting.Core\Dependencies\YamlDotNet\Unity.VisualScripting.YamlDotNet.dll
Symbol file LoadedFromMemory doesn't match image C:\Users\WillowPunch\OneDrive\Рабочий стол\Practice 4\ZaebisIgra\Library\PackageCache\com.unity.visualscripting@1.7.8\Editor\VisualScripting.Core\Dependencies\DotNetZip\Unity.VisualScripting.IonicZip.dll
Native extension for WindowsStandalone target not found
Refreshing native plugins compatible for Editor in 240.47 ms, found 4 plugins.
Preloading 0 native plugins for Editor in 0.00 ms.
Mono: successfully reloaded assembly
- Completed reload, in  4.060 seconds
Domain Reload Profiling:
	ReloadAssembly (4063ms)
		BeginReloadAssembly (323ms)
			ExecutionOrderSort (0ms)
			DisableScriptedObjects (13ms)
			BackupInstance (0ms)
			ReleaseScriptingObjects (0ms)
			CreateAndSetChildDomain (60ms)
		EndReloadAssembly (3398ms)
			LoadAssemblies (393ms)
			RebuildTransferFunctionScriptingTraits (0ms)
			SetupTypeCache (857ms)
				TypeCache.Initialize (840ms)
					TypeCache.ScanAssembly (825ms)
				ResolveRequiredComponents (17ms)
			ReleaseScriptCaches (5ms)
			RebuildScriptCaches (274ms)
			SetupLoadedEditorAssemblies (1609ms)
				LogAssemblyErrors (0ms)
				InitializePlatformSupportModulesInManaged (11ms)
				SetLoadedEditorAssemblies (18ms)
				RefreshPlugins (241ms)
				BeforeProcessingInitializeOnLoad (318ms)
				ProcessInitializeOnLoadAttributes (874ms)
				ProcessInitializeOnLoadMethodAttributes (130ms)
				AfterProcessingInitializeOnLoad (16ms)
				EditorAssembliesLoaded (1ms)
			ExecutionOrderSort2 (0ms)
			AwakeInstancesAfterBackupRestoration (33ms)
Platform modules already initialized, skipping
========================================================================
Worker process is ready to serve import requests
Launched and connected shader compiler UnityShaderCompiler.exe after 0.16 seconds
Refreshing native plugins compatible for Editor in 2.27 ms, found 4 plugins.
Preloading 0 native plugins for Editor in 0.00 ms.
Unloading 4151 Unused Serialized files (Serialized files now loaded: 0)
Unloading 39 unused Assets / (57.5 KB). Loaded Objects now: 4612.
Memory consumption went from 0.63 GB to 0.63 GB.
Total: 11.427100 ms (FindLiveObjects: 0.740200 ms CreateObjectMapping: 0.861900 ms MarkObjects: 9.565000 ms  DeleteObjects: 0.256000 ms)

AssetImportParameters requested are different than current active one (requested -> active):
  custom:video-decoder-ogg-theora: a1e56fd34408186e4bbccfd4996cb3dc -> 
  custom:container-muxer-webm: aa71ff27fc2769a1b78a27578f13a17b -> 
  custom:container-demuxer-webm: 4f35f7cbe854078d1ac9338744f61a02 -> 
  custom:video-encoder-webm-vp8: eb34c28f22e8b96e1ab97ce403110664 -> 
  custom:video-codec-MediaFoundation-h265: 746d11721c4dcdbdad8f713fa42b33f4 -> 
  custom:audio-encoder-webm-vorbis: bf7c407c2cedff20999df2af8eb42d56 -> 
  custom:framework-win-MediaFoundation: 216162199b28c13a410421893ffa2e32 -> 
  custom:container-demuxer-ogg: 62fdf1f143b41e24485cea50d1cbac27 -> 
  custom:video-decoder-webm-vp8: 9c59270c3fd7afecdb556c50c9e8de78 -> 
  custom:audio-decoder-ogg-vorbis: bf7c407c2cedff20999df2af8eb42d56 -> 
========================================================================
Received Import Request.
  Time since last request: 3003992.618209 seconds.
  path: Assets/Object/GrappleBlock.prefab
  artifactKey: Guid(90d4565b83f317943989efb8e3cd8cbe) Importer(815301076,1909f56bfc062723c751e8b465ee728b)
Start importing Assets/Object/GrappleBlock.prefab using Guid(90d4565b83f317943989efb8e3cd8cbe) Importer(815301076,1909f56bfc062723c751e8b465ee728b)  -> (artifact id: 'a9126c931b269f037ef19de3719407f9') in 0.448110 seconds 
========================================================================
Received Import Request.
  Time since last request: 0.000046 seconds.
  path: Assets/Object/Blocks Material.physicsMaterial2D
  artifactKey: Guid(95218f94124db524db40b8492d82b8a0) Importer(815301076,1909f56bfc062723c751e8b465ee728b)
Start importing Assets/Object/Blocks Material.physicsMaterial2D using Guid(95218f94124db524db40b8492d82b8a0) Importer(815301076,1909f56bfc062723c751e8b465ee728b)  -> (artifact id: '4baaf5e624b755422bdb04e48f08072f') in 0.026152 seconds 
========================================================================
Received Import Request.
  Time since last request: 0.000058 seconds.
  path: Assets/Resources/enemy.png
  artifactKey: Guid(bacc4741a64064b4e9169a5b413cfb95) Importer(815301076,1909f56bfc062723c751e8b465ee728b)
Start importing Assets/Resources/enemy.png using Guid(bacc4741a64064b4e9169a5b413cfb95) Importer(815301076,1909f56bfc062723c751e8b465ee728b)  -> (artifact id: '0aa342f534f1e62cda075d35927513e0') in 0.144078 seconds 
========================================================================
Received Import Request.
  Time since last request: 0.000062 seconds.
  path: Assets/Resources/portable-hook-shotgun.png
  artifactKey: Guid(87d4ecd1e32e99346a7235ccb51dae9e) Importer(815301076,1909f56bfc062723c751e8b465ee728b)
Start importing Assets/Resources/portable-hook-shotgun.png using Guid(87d4ecd1e32e99346a7235ccb51dae9e) Importer(815301076,1909f56bfc062723c751e8b465ee728b)  -> (artifact id: 'cb0ffed984387fbcbbe02289ef132fdb') in 0.071157 seconds 
========================================================================
Received Import Request.
  Time since last request: 0.000052 seconds.
  path: Assets/Object/RoomTypeChecker.prefab
  artifactKey: Guid(8e2bc950168c20f4fb5c0de16a3811ff) Importer(815301076,1909f56bfc062723c751e8b465ee728b)
Start importing Assets/Object/RoomTypeChecker.prefab using Guid(8e2bc950168c20f4fb5c0de16a3811ff) Importer(815301076,1909f56bfc062723c751e8b465ee728b)  -> (artifact id: '65de74c822013ca71f1b7578b07638a3') in 0.044470 seconds 
========================================================================
Received Import Request.
  Time since last request: 11.459701 seconds.
  path: Assets/Materials/1st_floor_temple.prefab
  artifactKey: Guid(055c0adc13296ba4b905ac1827afdfa3) Importer(815301076,1909f56bfc062723c751e8b465ee728b)
Start importing Assets/Materials/1st_floor_temple.prefab using Guid(055c0adc13296ba4b905ac1827afdfa3) Importer(815301076,1909f56bfc062723c751e8b465ee728b)  -> (artifact id: 'e71c51f4df0310209447cb19732598ab') in 0.100971 seconds 
========================================================================
Received Import Request.
  Time since last request: 0.000094 seconds.
  path: Assets/Materials/tileset1_6.asset
  artifactKey: Guid(b4fb4031320a32a4a842923580c7b918) Importer(815301076,1909f56bfc062723c751e8b465ee728b)
Start importing Assets/Materials/tileset1_6.asset using Guid(b4fb4031320a32a4a842923580c7b918) Importer(815301076,1909f56bfc062723c751e8b465ee728b)  -> (artifact id: 'bed1e063d83d9e692ac45cdcab2f9765') in 0.057027 seconds 
========================================================================
Received Import Request.
  Time since last request: 0.000111 seconds.
  path: Assets/Materials/tileset1_23.asset
  artifactKey: Guid(6fe3568f52aa3c7458abbcb35c2750bb) Importer(815301076,1909f56bfc062723c751e8b465ee728b)
Start importing Assets/Materials/tileset1_23.asset using Guid(6fe3568f52aa3c7458abbcb35c2750bb) Importer(815301076,1909f56bfc062723c751e8b465ee728b)  -> (artifact id: 'daeee5a2f6bc0755d3112f4dd6d94042') in 0.043077 seconds 
========================================================================
Received Import Request.
  Time since last request: 0.000044 seconds.
  path: Assets/Materials/tilesetbg_0.asset
  artifactKey: Guid(9ae83dfa194e6294da6aaf75f9d06b50) Importer(815301076,1909f56bfc062723c751e8b465ee728b)
Start importing Assets/Materials/tilesetbg_0.asset using Guid(9ae83dfa194e6294da6aaf75f9d06b50) Importer(815301076,1909f56bfc062723c751e8b465ee728b)  -> (artifact id: '15ed7f59b2cf86bc3cda2a3aff2ec307') in 0.044786 seconds 
========================================================================
Received Import Request.
  Time since last request: 0.000051 seconds.
  path: Assets/Materials/tileset1_13.asset
  artifactKey: Guid(971c4a4a7b4dbb248b99a3e35dee1858) Importer(815301076,1909f56bfc062723c751e8b465ee728b)
Start importing Assets/Materials/tileset1_13.asset using Guid(971c4a4a7b4dbb248b99a3e35dee1858) Importer(815301076,1909f56bfc062723c751e8b465ee728b)  -> (artifact id: '2d724459353c86475aa8b682e207d7ec') in 0.045765 seconds 
========================================================================
Received Import Request.
  Time since last request: 0.000061 seconds.
  path: Assets/Materials/tileset1_9.asset
  artifactKey: Guid(dfb1c5889414c34408c5993808051499) Importer(815301076,1909f56bfc062723c751e8b465ee728b)
Start importing Assets/Materials/tileset1_9.asset using Guid(dfb1c5889414c34408c5993808051499) Importer(815301076,1909f56bfc062723c751e8b465ee728b)  -> (artifact id: 'b9cb63919b07b00cb4c24c6597dfeaca') in 0.041522 seconds 
========================================================================
Received Import Request.
  Time since last request: 0.000054 seconds.
  path: Assets/Materials/tileset1_20.asset
  artifactKey: Guid(35bf605958e9ab64faf4025aa5eea671) Importer(815301076,1909f56bfc062723c751e8b465ee728b)
Start importing Assets/Materials/tileset1_20.asset using Guid(35bf605958e9ab64faf4025aa5eea671) Importer(815301076,1909f56bfc062723c751e8b465ee728b)  -> (artifact id: 'c3472f2594a5178928b7dc69ea709a49') in 0.048918 seconds 
========================================================================
Received Import Request.
  Time since last request: 0.000048 seconds.
  path: Assets/Materials/tilesetbg_5.asset
  artifactKey: Guid(a01dc43737608bf42a3c7e9209984661) Importer(815301076,1909f56bfc062723c751e8b465ee728b)
Start importing Assets/Materials/tilesetbg_5.asset using Guid(a01dc43737608bf42a3c7e9209984661) Importer(815301076,1909f56bfc062723c751e8b465ee728b)  -> (artifact id: '3d5d77a9e95b968a5d0798038e171867') in 0.049103 seconds 
========================================================================
Received Import Request.
  Time since last request: 0.000044 seconds.
  path: Assets/Materials/tileset1_11.asset
  artifactKey: Guid(8e86cb25aed006347a2dac1485aeeaa7) Importer(815301076,1909f56bfc062723c751e8b465ee728b)
Start importing Assets/Materials/tileset1_11.asset using Guid(8e86cb25aed006347a2dac1485aeeaa7) Importer(815301076,1909f56bfc062723c751e8b465ee728b)  -> (artifact id: 'ad20053567b7f69175f09f72b2d3f195') in 0.045467 seconds 
========================================================================
Received Import Request.
  Time since last request: 30.673673 seconds.
  path: Assets/Materials/Floor.prefab
  artifactKey: Guid(fde1b8cff346ea74eb614e00f224f6d0) Importer(815301076,1909f56bfc062723c751e8b465ee728b)
Start importing Assets/Materials/Floor.prefab using Guid(fde1b8cff346ea74eb614e00f224f6d0) Importer(815301076,1909f56bfc062723c751e8b465ee728b)  -> (artifact id: '1c033941e7d8d842ef109e7cbfb15417') in 0.040861 seconds 
========================================================================
Received Import Request.
  Time since last request: 1.188948 seconds.
  path: Assets/Materials/our-best-proj
  artifactKey: Guid(a896b6220ceec524782781dcb1fd23f2) Importer(815301076,1909f56bfc062723c751e8b465ee728b)
Start importing Assets/Materials/our-best-proj using Guid(a896b6220ceec524782781dcb1fd23f2) Importer(815301076,1909f56bfc062723c751e8b465ee728b)  -> (artifact id: 'f03dfc7ebcec3566b51e147ba5a768bf') in 0.013482 seconds 
========================================================================
Received Import Request.
  Time since last request: 0.016778 seconds.
  path: Assets/Materials/our-best-proj/Botan.png
  artifactKey: Guid(c005bc9c4ff6a974a8c793a1f45c70cb) Importer(815301076,1909f56bfc062723c751e8b465ee728b)
Start importing Assets/Materials/our-best-proj/Botan.png using Guid(c005bc9c4ff6a974a8c793a1f45c70cb) Importer(815301076,1909f56bfc062723c751e8b465ee728b)  -> (artifact id: '718058217f8b277028955008165b0d9d') in 0.083333 seconds 
========================================================================
Received Import Request.
  Time since last request: 0.000092 seconds.
  path: Assets/Materials/our-best-proj/concept.png
  artifactKey: Guid(255abb0ba431a71418d189fd4c5b1b7b) Importer(815301076,1909f56bfc062723c751e8b465ee728b)
Start importing Assets/Materials/our-best-proj/concept.png using Guid(255abb0ba431a71418d189fd4c5b1b7b) Importer(815301076,1909f56bfc062723c751e8b465ee728b)  -> (artifact id: '2f4c45d88915bc73641a4d16acfe74c9') in 0.302830 seconds 
========================================================================
Received Import Request.
  Time since last request: 0.000082 seconds.
  path: Assets/Materials/our-best-proj/hohlina.gif
  artifactKey: Guid(e7d9bd4f2463b754a9e111df8fb0e871) Importer(815301076,1909f56bfc062723c751e8b465ee728b)
Start importing Assets/Materials/our-best-proj/hohlina.gif using Guid(e7d9bd4f2463b754a9e111df8fb0e871) Importer(815301076,1909f56bfc062723c751e8b465ee728b)  -> (artifact id: 'e3c03d9f14f245adab324d8a4b87e240') in 0.078088 seconds 
========================================================================
Received Import Request.
  Time since last request: 0.000072 seconds.
  path: Assets/Materials/our-best-proj/plan.png
  artifactKey: Guid(8577007cd6a40d74b896ecbe82c3a6cb) Importer(815301076,1909f56bfc062723c751e8b465ee728b)
Start importing Assets/Materials/our-best-proj/plan.png using Guid(8577007cd6a40d74b896ecbe82c3a6cb) Importer(815301076,1909f56bfc062723c751e8b465ee728b)  -> (artifact id: 'c95d6b00c7d377ed683a68b368d37b61') in 0.265981 seconds 
========================================================================
Received Import Request.
  Time since last request: 0.000037 seconds.
  path: Assets/Materials/our-best-proj/Size Comparison.png
  artifactKey: Guid(3508adaac896ca744a9b33c0e4e60b5d) Importer(815301076,1909f56bfc062723c751e8b465ee728b)
Start importing Assets/Materials/our-best-proj/Size Comparison.png using Guid(3508adaac896ca744a9b33c0e4e60b5d) Importer(815301076,1909f56bfc062723c751e8b465ee728b)  -> (artifact id: 'f483396441365330999539b7e555d11b') in 0.218397 seconds 
========================================================================
Received Import Request.
  Time since last request: 0.000048 seconds.
  path: Assets/Materials/our-best-proj/pig smoke.png
  artifactKey: Guid(839e038b4aa030e49ac5c3d785949eda) Importer(815301076,1909f56bfc062723c751e8b465ee728b)
Start importing Assets/Materials/our-best-proj/pig smoke.png using Guid(839e038b4aa030e49ac5c3d785949eda) Importer(815301076,1909f56bfc062723c751e8b465ee728b)  -> (artifact id: 'b24be0d461dddd09f400d3919d0ff823') in 0.079520 seconds 
========================================================================
Received Import Request.
  Time since last request: 0.000047 seconds.
  path: Assets/Materials/our-best-proj/room checkbg.png
  artifactKey: Guid(5284a93d1e12af04880268c46dcbfddf) Importer(815301076,1909f56bfc062723c751e8b465ee728b)
Start importing Assets/Materials/our-best-proj/room checkbg.png using Guid(5284a93d1e12af04880268c46dcbfddf) Importer(815301076,1909f56bfc062723c751e8b465ee728b)  -> (artifact id: '19c9e483344d1e7fb993dc9aa53a276c') in 0.080436 seconds 
========================================================================
Received Import Request.
  Time since last request: 0.000049 seconds.
  path: Assets/Materials/our-best-proj/tilesetbg.png
  artifactKey: Guid(c9e220f24316e864fbc6d23b3ae87292) Importer(815301076,1909f56bfc062723c751e8b465ee728b)
Start importing Assets/Materials/our-best-proj/tilesetbg.png using Guid(c9e220f24316e864fbc6d23b3ae87292) Importer(815301076,1909f56bfc062723c751e8b465ee728b)  -> (artifact id: 'ad6d872016b96912f250e67c0b7b9f39') in 0.209292 seconds 
========================================================================
Received Import Request.
  Time since last request: 5.429065 seconds.
  path: Assets/Materials/our-best-proj/floor.asset
  artifactKey: Guid(59170aa324113e14db2f54dde6847d02) Importer(815301076,1909f56bfc062723c751e8b465ee728b)
Start importing Assets/Materials/our-best-proj/floor.asset using Guid(59170aa324113e14db2f54dde6847d02) Importer(815301076,1909f56bfc062723c751e8b465ee728b)  -> (artifact id: '988e1f2dfe2b85b06673ed84508e9312') in 0.025650 seconds 
========================================================================
Received Import Request.
  Time since last request: 14.743476 seconds.
  path: Assets/Materials/Floor.prefab
  artifactKey: Guid(fde1b8cff346ea74eb614e00f224f6d0) Importer(815301076,1909f56bfc062723c751e8b465ee728b)
Start importing Assets/Materials/Floor.prefab using Guid(fde1b8cff346ea74eb614e00f224f6d0) Importer(815301076,1909f56bfc062723c751e8b465ee728b)  -> (artifact id: '4bab04b7e70678674a7c54ccd40b6b3f') in 0.039483 seconds 
========================================================================
Received Import Request.
  Time since last request: 0.806576 seconds.
  path: Assets/Materials/tilesetbg_11.asset
  artifactKey: Guid(ae95bd41512a15747ada275b076fee33) Importer(815301076,1909f56bfc062723c751e8b465ee728b)
Start importing Assets/Materials/tilesetbg_11.asset using Guid(ae95bd41512a15747ada275b076fee33) Importer(815301076,1909f56bfc062723c751e8b465ee728b)  -> (artifact id: '819b3d51eb3b5f61a668f156fcbb3b48') in 0.075519 seconds 
========================================================================
Received Import Request.
  Time since last request: 0.000047 seconds.
  path: Assets/Materials/tilesetbg_15.asset
  artifactKey: Guid(b2b3c7a3de7d09b498eff4bb09adc33c) Importer(815301076,1909f56bfc062723c751e8b465ee728b)
Start importing Assets/Materials/tilesetbg_15.asset using Guid(b2b3c7a3de7d09b498eff4bb09adc33c) Importer(815301076,1909f56bfc062723c751e8b465ee728b)  -> (artifact id: '7fb6d4af74bf02ffd28fd64428ae5734') in 0.060053 seconds 
========================================================================
Received Import Request.
  Time since last request: 0.000067 seconds.
  path: Assets/Materials/tilesetbg_17.asset
  artifactKey: Guid(1007386db73896842b36f44642b56176) Importer(815301076,1909f56bfc062723c751e8b465ee728b)
Start importing Assets/Materials/tilesetbg_17.asset using Guid(1007386db73896842b36f44642b56176) Importer(815301076,1909f56bfc062723c751e8b465ee728b)  -> (artifact id: '0c8912e84b1039097e58841e51997ce0') in 0.054631 seconds 
========================================================================
Received Import Request.
  Time since last request: 0.000054 seconds.
  path: Assets/Materials/tilesetbg_19.asset
  artifactKey: Guid(669babc316530dd45ac88305c8f797de) Importer(815301076,1909f56bfc062723c751e8b465ee728b)
Start importing Assets/Materials/tilesetbg_19.asset using Guid(669babc316530dd45ac88305c8f797de) Importer(815301076,1909f56bfc062723c751e8b465ee728b)  -> (artifact id: 'cb69197986577b8398db36f525d83902') in 0.038443 seconds 
========================================================================
Received Import Request.
  Time since last request: 53.659220 seconds.
  path: Assets/Materials/our-best-proj/floor.asset
  artifactKey: Guid(59170aa324113e14db2f54dde6847d02) Importer(815301076,1909f56bfc062723c751e8b465ee728b)
Start importing Assets/Materials/our-best-proj/floor.asset using Guid(59170aa324113e14db2f54dde6847d02) Importer(815301076,1909f56bfc062723c751e8b465ee728b)  -> (artifact id: 'fd03f5b5ba673a05037db81161194897') in 0.020631 seconds 
========================================================================
Received Import Request.
  Time since last request: 11.690448 seconds.
  path: Assets/Scenes/SampleScene.unity
  artifactKey: Guid(2cda990e2423bbf4892e6590ba056729) Importer(815301076,1909f56bfc062723c751e8b465ee728b)
Start importing Assets/Scenes/SampleScene.unity using Guid(2cda990e2423bbf4892e6590ba056729) Importer(815301076,1909f56bfc062723c751e8b465ee728b)  -> (artifact id: '0c0415968aad0d8ff03ff0020d0cd5a4') in 0.021204 seconds 
========================================================================
Received Import Request.
  Time since last request: 8.901406 seconds.
  path: Assets/Materials/Floor.prefab
  artifactKey: Guid(fde1b8cff346ea74eb614e00f224f6d0) Importer(815301076,1909f56bfc062723c751e8b465ee728b)
Start importing Assets/Materials/Floor.prefab using Guid(fde1b8cff346ea74eb614e00f224f6d0) Importer(815301076,1909f56bfc062723c751e8b465ee728b)  -> (artifact id: 'd0b28015acf3613c3034f3d745fca8ba') in 0.036668 seconds 
========================================================================
Received Import Request.
  Time since last request: 5.041917 seconds.
  path: Assets/Scenes/SideScrollerFirstLVL.unity
  artifactKey: Guid(92f85a0c0255eda4ebc50ea2610083e5) Importer(815301076,1909f56bfc062723c751e8b465ee728b)
Start importing Assets/Scenes/SideScrollerFirstLVL.unity using Guid(92f85a0c0255eda4ebc50ea2610083e5) Importer(815301076,1909f56bfc062723c751e8b465ee728b)  -> (artifact id: '8cbb4053dbf5baf71dcc6b5ebda43bcb') in 0.016545 seconds 
========================================================================
Received Import Request.
  Time since last request: 60.680889 seconds.
  path: Assets/Materials/our-best-proj/lvl1instr_data
  artifactKey: Guid(90e116116cfe4b641a13a802a5664110) Importer(815301076,1909f56bfc062723c751e8b465ee728b)
Start importing Assets/Materials/our-best-proj/lvl1instr_data using Guid(90e116116cfe4b641a13a802a5664110) Importer(815301076,1909f56bfc062723c751e8b465ee728b)  -> (artifact id: '462f19565b4abeaea7066877fff13114') in 0.028387 seconds 
========================================================================
Received Import Request.
  Time since last request: 83.240938 seconds.
  path: Assets/Materials/our-best-proj/lvl1instr.aup
  artifactKey: Guid(f4f5e9e81b140e94582588f08487a220) Importer(815301076,1909f56bfc062723c751e8b465ee728b)
Start importing Assets/Materials/our-best-proj/lvl1instr.aup using Guid(f4f5e9e81b140e94582588f08487a220) Importer(815301076,1909f56bfc062723c751e8b465ee728b)  -> (artifact id: '42e19261e21e73e2e6d7ce53658061d0') in 0.026948 seconds 
========================================================================
Received Import Request.
  Time since last request: 71.263968 seconds.
  path: Assets/Object/LevelTopDown.prefab
  artifactKey: Guid(b4c5c7e5fafd34243a6b817c8bf0924a) Importer(815301076,1909f56bfc062723c751e8b465ee728b)
Start importing Assets/Object/LevelTopDown.prefab using Guid(b4c5c7e5fafd34243a6b817c8bf0924a) Importer(815301076,1909f56bfc062723c751e8b465ee728b)  -> (artifact id: '26094c5ab3c8c5393d0b7b93061a5453') in 0.048897 seconds 
========================================================================
Received Import Request.
  Time since last request: 6.792330 seconds.
  path: Assets/Object/LevelTopDown.prefab
  artifactKey: Guid(b4c5c7e5fafd34243a6b817c8bf0924a) Importer(815301076,1909f56bfc062723c751e8b465ee728b)
Start importing Assets/Object/LevelTopDown.prefab using Guid(b4c5c7e5fafd34243a6b817c8bf0924a) Importer(815301076,1909f56bfc062723c751e8b465ee728b)  -> (artifact id: '8b558594c2afaf7b4918a207ec1b231e') in 0.034353 seconds 
========================================================================
Received Import Request.
  Time since last request: 2.026481 seconds.
  path: Assets/Object/LevelTopDown.prefab
  artifactKey: Guid(b4c5c7e5fafd34243a6b817c8bf0924a) Importer(815301076,1909f56bfc062723c751e8b465ee728b)
Start importing Assets/Object/LevelTopDown.prefab using Guid(b4c5c7e5fafd34243a6b817c8bf0924a) Importer(815301076,1909f56bfc062723c751e8b465ee728b)  -> (artifact id: '4f533314d6c98d424fa0372a49fef2b6') in 0.026339 seconds 
========================================================================
Received Import Request.
  Time since last request: 92.212005 seconds.
  path: Assets/Materials/our-best-proj/floor.asset
  artifactKey: Guid(59170aa324113e14db2f54dde6847d02) Importer(815301076,1909f56bfc062723c751e8b465ee728b)
Start importing Assets/Materials/our-best-proj/floor.asset using Guid(59170aa324113e14db2f54dde6847d02) Importer(815301076,1909f56bfc062723c751e8b465ee728b)  -> (artifact id: '87bfae6a28258de6012efe4803af8450') in 0.025121 seconds 
========================================================================
Received Prepare
Registering precompiled user dll's ...
Registered in 0.014505 seconds.
Begin MonoManager ReloadAssembly
Symbol file LoadedFromMemory doesn't match image C:\Users\WillowPunch\OneDrive\Рабочий стол\Practice 4\ZaebisIgra\Library\PackageCache\com.unity.visualscripting@1.7.8\Editor\VisualScripting.Core\Dependencies\YamlDotNet\Unity.VisualScripting.YamlDotNet.dll
Symbol file LoadedFromMemory doesn't match image C:\Users\WillowPunch\OneDrive\Рабочий стол\Practice 4\ZaebisIgra\Library\PackageCache\com.unity.visualscripting@1.7.8\Editor\VisualScripting.Core\Dependencies\DotNetZip\Unity.VisualScripting.IonicZip.dll
Native extension for WindowsStandalone target not found
Refreshing native plugins compatible for Editor in 2.01 ms, found 4 plugins.
Preloading 0 native plugins for Editor in 0.00 ms.
Mono: successfully reloaded assembly
- Completed reload, in  2.577 seconds
Domain Reload Profiling:
	ReloadAssembly (2579ms)
		BeginReloadAssembly (322ms)
			ExecutionOrderSort (0ms)
			DisableScriptedObjects (16ms)
			BackupInstance (0ms)
			ReleaseScriptingObjects (0ms)
			CreateAndSetChildDomain (108ms)
		EndReloadAssembly (2016ms)
			LoadAssemblies (245ms)
			RebuildTransferFunctionScriptingTraits (0ms)
			SetupTypeCache (626ms)
				TypeCache.Initialize (613ms)
					TypeCache.ScanAssembly (598ms)
				ResolveRequiredComponents (14ms)
			ReleaseScriptCaches (4ms)
			RebuildScriptCaches (129ms)
			SetupLoadedEditorAssemblies (857ms)
				LogAssemblyErrors (0ms)
				InitializePlatformSupportModulesInManaged (30ms)
				SetLoadedEditorAssemblies (19ms)
				RefreshPlugins (2ms)
				BeforeProcessingInitializeOnLoad (174ms)
				ProcessInitializeOnLoadAttributes (524ms)
				ProcessInitializeOnLoadMethodAttributes (99ms)
				AfterProcessingInitializeOnLoad (8ms)
				EditorAssembliesLoaded (0ms)
			ExecutionOrderSort2 (0ms)
			AwakeInstancesAfterBackupRestoration (30ms)
Platform modules already initialized, skipping
Refreshing native plugins compatible for Editor in 9.71 ms, found 4 plugins.
Preloading 0 native plugins for Editor in 0.00 ms.
Unloading 4127 Unused Serialized files (Serialized files now loaded: 0)
Unloading 26 unused Assets / (25.4 KB). Loaded Objects now: 4646.
Memory consumption went from 0.63 GB to 0.63 GB.
Total: 9.716300 ms (FindLiveObjects: 0.617500 ms CreateObjectMapping: 0.861400 ms MarkObjects: 8.142100 ms  DeleteObjects: 0.091700 ms)

AssetImportParameters requested are different than current active one (requested -> active):
  custom:video-decoder-ogg-theora: a1e56fd34408186e4bbccfd4996cb3dc -> 
  custom:container-muxer-webm: aa71ff27fc2769a1b78a27578f13a17b -> 
  custom:container-demuxer-webm: 4f35f7cbe854078d1ac9338744f61a02 -> 
  custom:video-encoder-webm-vp8: eb34c28f22e8b96e1ab97ce403110664 -> 
  custom:video-codec-MediaFoundation-h265: 746d11721c4dcdbdad8f713fa42b33f4 -> 
  custom:audio-encoder-webm-vorbis: bf7c407c2cedff20999df2af8eb42d56 -> 
  custom:framework-win-MediaFoundation: 216162199b28c13a410421893ffa2e32 -> 
  custom:container-demuxer-ogg: 62fdf1f143b41e24485cea50d1cbac27 -> 
  custom:video-decoder-webm-vp8: 9c59270c3fd7afecdb556c50c9e8de78 -> 
  custom:audio-decoder-ogg-vorbis: bf7c407c2cedff20999df2af8eb42d56 -> 
========================================================================
Received Prepare
Registering precompiled user dll's ...
Registered in 0.011666 seconds.
Begin MonoManager ReloadAssembly
Symbol file LoadedFromMemory doesn't match image C:\Users\WillowPunch\OneDrive\Рабочий стол\Practice 4\ZaebisIgra\Library\PackageCache\com.unity.visualscripting@1.7.8\Editor\VisualScripting.Core\Dependencies\YamlDotNet\Unity.VisualScripting.YamlDotNet.dll
Symbol file LoadedFromMemory doesn't match image C:\Users\WillowPunch\OneDrive\Рабочий стол\Practice 4\ZaebisIgra\Library\PackageCache\com.unity.visualscripting@1.7.8\Editor\VisualScripting.Core\Dependencies\DotNetZip\Unity.VisualScripting.IonicZip.dll
Native extension for WindowsStandalone target not found
Refreshing native plugins compatible for Editor in 2.96 ms, found 4 plugins.
Preloading 0 native plugins for Editor in 0.00 ms.
Mono: successfully reloaded assembly
- Completed reload, in  2.592 seconds
Domain Reload Profiling:
	ReloadAssembly (2594ms)
		BeginReloadAssembly (302ms)
			ExecutionOrderSort (0ms)
			DisableScriptedObjects (16ms)
			BackupInstance (0ms)
			ReleaseScriptingObjects (0ms)
			CreateAndSetChildDomain (86ms)
		EndReloadAssembly (2047ms)
			LoadAssemblies (245ms)
			RebuildTransferFunctionScriptingTraits (0ms)
			SetupTypeCache (633ms)
				TypeCache.Initialize (620ms)
					TypeCache.ScanAssembly (606ms)
				ResolveRequiredComponents (12ms)
			ReleaseScriptCaches (3ms)
			RebuildScriptCaches (130ms)
			SetupLoadedEditorAssemblies (886ms)
				LogAssemblyErrors (0ms)
				InitializePlatformSupportModulesInManaged (30ms)
				SetLoadedEditorAssemblies (18ms)
				RefreshPlugins (3ms)
				BeforeProcessingInitializeOnLoad (179ms)
				ProcessInitializeOnLoadAttributes (548ms)
				ProcessInitializeOnLoadMethodAttributes (100ms)
				AfterProcessingInitializeOnLoad (8ms)
				EditorAssembliesLoaded (1ms)
			ExecutionOrderSort2 (0ms)
			AwakeInstancesAfterBackupRestoration (25ms)
Platform modules already initialized, skipping
Refreshing native plugins compatible for Editor in 8.12 ms, found 4 plugins.
Preloading 0 native plugins for Editor in 0.00 ms.
Unloading 4128 Unused Serialized files (Serialized files now loaded: 0)
Unloading 26 unused Assets / (32.5 KB). Loaded Objects now: 4649.
Memory consumption went from 0.63 GB to 0.63 GB.
Total: 9.922300 ms (FindLiveObjects: 0.919900 ms CreateObjectMapping: 0.730000 ms MarkObjects: 8.168700 ms  DeleteObjects: 0.100400 ms)

AssetImportParameters requested are different than current active one (requested -> active):
  custom:video-decoder-ogg-theora: a1e56fd34408186e4bbccfd4996cb3dc -> 
  custom:container-muxer-webm: aa71ff27fc2769a1b78a27578f13a17b -> 
  custom:container-demuxer-webm: 4f35f7cbe854078d1ac9338744f61a02 -> 
  custom:video-encoder-webm-vp8: eb34c28f22e8b96e1ab97ce403110664 -> 
  custom:video-codec-MediaFoundation-h265: 746d11721c4dcdbdad8f713fa42b33f4 -> 
  custom:audio-encoder-webm-vorbis: bf7c407c2cedff20999df2af8eb42d56 -> 
  custom:framework-win-MediaFoundation: 216162199b28c13a410421893ffa2e32 -> 
  custom:container-demuxer-ogg: 62fdf1f143b41e24485cea50d1cbac27 -> 
  custom:video-decoder-webm-vp8: 9c59270c3fd7afecdb556c50c9e8de78 -> 
  custom:audio-decoder-ogg-vorbis: bf7c407c2cedff20999df2af8eb42d56 -> 
========================================================================
Received Prepare
Registering precompiled user dll's ...
Registered in 0.011712 seconds.
Begin MonoManager ReloadAssembly
Symbol file LoadedFromMemory doesn't match image C:\Users\WillowPunch\OneDrive\Рабочий стол\Practice 4\ZaebisIgra\Library\PackageCache\com.unity.visualscripting@1.7.8\Editor\VisualScripting.Core\Dependencies\YamlDotNet\Unity.VisualScripting.YamlDotNet.dll
Symbol file LoadedFromMemory doesn't match image C:\Users\WillowPunch\OneDrive\Рабочий стол\Practice 4\ZaebisIgra\Library\PackageCache\com.unity.visualscripting@1.7.8\Editor\VisualScripting.Core\Dependencies\DotNetZip\Unity.VisualScripting.IonicZip.dll
Native extension for WindowsStandalone target not found
Refreshing native plugins compatible for Editor in 3.85 ms, found 4 plugins.
Preloading 0 native plugins for Editor in 0.00 ms.
Mono: successfully reloaded assembly
- Completed reload, in  2.231 seconds
Domain Reload Profiling:
	ReloadAssembly (2233ms)
		BeginReloadAssembly (238ms)
			ExecutionOrderSort (0ms)
			DisableScriptedObjects (13ms)
			BackupInstance (0ms)
			ReleaseScriptingObjects (0ms)
			CreateAndSetChildDomain (69ms)
		EndReloadAssembly (1807ms)
			LoadAssemblies (174ms)
			RebuildTransferFunctionScriptingTraits (0ms)
			SetupTypeCache (596ms)
				TypeCache.Initialize (581ms)
					TypeCache.ScanAssembly (571ms)
				ResolveRequiredComponents (14ms)
			ReleaseScriptCaches (3ms)
			RebuildScriptCaches (133ms)
			SetupLoadedEditorAssemblies (713ms)
				LogAssemblyErrors (0ms)
				InitializePlatformSupportModulesInManaged (18ms)
				SetLoadedEditorAssemblies (11ms)
				RefreshPlugins (4ms)
				BeforeProcessingInitializeOnLoad (117ms)
				ProcessInitializeOnLoadAttributes (468ms)
				ProcessInitializeOnLoadMethodAttributes (88ms)
				AfterProcessingInitializeOnLoad (6ms)
				EditorAssembliesLoaded (0ms)
			ExecutionOrderSort2 (0ms)
			AwakeInstancesAfterBackupRestoration (27ms)
Platform modules already initialized, skipping
Refreshing native plugins compatible for Editor in 6.13 ms, found 4 plugins.
Preloading 0 native plugins for Editor in 0.00 ms.
Unloading 4128 Unused Serialized files (Serialized files now loaded: 0)
Unloading 26 unused Assets / (32.6 KB). Loaded Objects now: 4652.
Memory consumption went from 0.63 GB to 0.63 GB.
Total: 6.728300 ms (FindLiveObjects: 0.459500 ms CreateObjectMapping: 0.262900 ms MarkObjects: 5.955700 ms  DeleteObjects: 0.048300 ms)

AssetImportParameters requested are different than current active one (requested -> active):
  custom:video-decoder-ogg-theora: a1e56fd34408186e4bbccfd4996cb3dc -> 
  custom:container-muxer-webm: aa71ff27fc2769a1b78a27578f13a17b -> 
  custom:container-demuxer-webm: 4f35f7cbe854078d1ac9338744f61a02 -> 
  custom:video-encoder-webm-vp8: eb34c28f22e8b96e1ab97ce403110664 -> 
  custom:video-codec-MediaFoundation-h265: 746d11721c4dcdbdad8f713fa42b33f4 -> 
  custom:audio-encoder-webm-vorbis: bf7c407c2cedff20999df2af8eb42d56 -> 
  custom:framework-win-MediaFoundation: 216162199b28c13a410421893ffa2e32 -> 
  custom:container-demuxer-ogg: 62fdf1f143b41e24485cea50d1cbac27 -> 
  custom:video-decoder-webm-vp8: 9c59270c3fd7afecdb556c50c9e8de78 -> 
  custom:audio-decoder-ogg-vorbis: bf7c407c2cedff20999df2af8eb42d56 -> 
========================================================================
Received Prepare
Registering precompiled user dll's ...
Registered in 0.012551 seconds.
Begin MonoManager ReloadAssembly
Symbol file LoadedFromMemory doesn't match image C:\Users\WillowPunch\OneDrive\Рабочий стол\Practice 4\ZaebisIgra\Library\PackageCache\com.unity.visualscripting@1.7.8\Editor\VisualScripting.Core\Dependencies\YamlDotNet\Unity.VisualScripting.YamlDotNet.dll
Symbol file LoadedFromMemory doesn't match image C:\Users\WillowPunch\OneDrive\Рабочий стол\Practice 4\ZaebisIgra\Library\PackageCache\com.unity.visualscripting@1.7.8\Editor\VisualScripting.Core\Dependencies\DotNetZip\Unity.VisualScripting.IonicZip.dll
Native extension for WindowsStandalone target not found
Refreshing native plugins compatible for Editor in 1.79 ms, found 4 plugins.
Preloading 0 native plugins for Editor in 0.00 ms.
Mono: successfully reloaded assembly
- Completed reload, in  2.139 seconds
Domain Reload Profiling:
	ReloadAssembly (2140ms)
		BeginReloadAssembly (254ms)
			ExecutionOrderSort (0ms)
			DisableScriptedObjects (17ms)
			BackupInstance (0ms)
			ReleaseScriptingObjects (0ms)
			CreateAndSetChildDomain (66ms)
		EndReloadAssembly (1710ms)
			LoadAssemblies (216ms)
			RebuildTransferFunctionScriptingTraits (0ms)
			SetupTypeCache (528ms)
				TypeCache.Initialize (517ms)
					TypeCache.ScanAssembly (506ms)
				ResolveRequiredComponents (11ms)
			ReleaseScriptCaches (3ms)
			RebuildScriptCaches (121ms)
			SetupLoadedEditorAssemblies (727ms)
				LogAssemblyErrors (0ms)
				InitializePlatformSupportModulesInManaged (24ms)
				SetLoadedEditorAssemblies (14ms)
				RefreshPlugins (2ms)
				BeforeProcessingInitializeOnLoad (152ms)
				ProcessInitializeOnLoadAttributes (453ms)
				ProcessInitializeOnLoadMethodAttributes (73ms)
				AfterProcessingInitializeOnLoad (9ms)
				EditorAssembliesLoaded (1ms)
			ExecutionOrderSort2 (0ms)
			AwakeInstancesAfterBackupRestoration (16ms)
Platform modules already initialized, skipping
Refreshing native plugins compatible for Editor in 5.15 ms, found 4 plugins.
Preloading 0 native plugins for Editor in 0.00 ms.
Unloading 4128 Unused Serialized files (Serialized files now loaded: 0)
Unloading 26 unused Assets / (32.5 KB). Loaded Objects now: 4655.
Memory consumption went from 0.63 GB to 0.63 GB.
Total: 6.558100 ms (FindLiveObjects: 0.541600 ms CreateObjectMapping: 0.478000 ms MarkObjects: 5.481300 ms  DeleteObjects: 0.055200 ms)

AssetImportParameters requested are different than current active one (requested -> active):
  custom:video-decoder-ogg-theora: a1e56fd34408186e4bbccfd4996cb3dc -> 
  custom:container-muxer-webm: aa71ff27fc2769a1b78a27578f13a17b -> 
  custom:container-demuxer-webm: 4f35f7cbe854078d1ac9338744f61a02 -> 
  custom:video-encoder-webm-vp8: eb34c28f22e8b96e1ab97ce403110664 -> 
  custom:video-codec-MediaFoundation-h265: 746d11721c4dcdbdad8f713fa42b33f4 -> 
  custom:audio-encoder-webm-vorbis: bf7c407c2cedff20999df2af8eb42d56 -> 
  custom:framework-win-MediaFoundation: 216162199b28c13a410421893ffa2e32 -> 
  custom:container-demuxer-ogg: 62fdf1f143b41e24485cea50d1cbac27 -> 
  custom:video-decoder-webm-vp8: 9c59270c3fd7afecdb556c50c9e8de78 -> 
  custom:audio-decoder-ogg-vorbis: bf7c407c2cedff20999df2af8eb42d56 -> 
========================================================================
Received Import Request.
  Time since last request: 5718.454337 seconds.
  path: Assets/Object/LevelTopDown.prefab
  artifactKey: Guid(b4c5c7e5fafd34243a6b817c8bf0924a) Importer(815301076,1909f56bfc062723c751e8b465ee728b)
Start importing Assets/Object/LevelTopDown.prefab using Guid(b4c5c7e5fafd34243a6b817c8bf0924a) Importer(815301076,1909f56bfc062723c751e8b465ee728b)  -> (artifact id: 'ab6e22be25c47975b86a23e076fa392c') in 0.618805 seconds 
========================================================================
Received Import Request.
  Time since last request: 11.118836 seconds.
  path: Assets/Object/LevelTopDown.prefab
  artifactKey: Guid(b4c5c7e5fafd34243a6b817c8bf0924a) Importer(815301076,1909f56bfc062723c751e8b465ee728b)
Start importing Assets/Object/LevelTopDown.prefab using Guid(b4c5c7e5fafd34243a6b817c8bf0924a) Importer(815301076,1909f56bfc062723c751e8b465ee728b)  -> (artifact id: 'b2c338c4f22068358a8b1f20ca279e23') in 0.061423 seconds 
========================================================================
Received Import Request.
  Time since last request: 0.708784 seconds.
  path: Assets/Object/LevelTopDown.prefab
  artifactKey: Guid(b4c5c7e5fafd34243a6b817c8bf0924a) Importer(815301076,1909f56bfc062723c751e8b465ee728b)
Start importing Assets/Object/LevelTopDown.prefab using Guid(b4c5c7e5fafd34243a6b817c8bf0924a) Importer(815301076,1909f56bfc062723c751e8b465ee728b)  -> (artifact id: '414b46dcf20d3779add0b9a1524d8927') in 0.061974 seconds 
========================================================================
Received Import Request.
  Time since last request: 7.464271 seconds.
  path: Assets/Object/LevelTopDown.prefab
  artifactKey: Guid(b4c5c7e5fafd34243a6b817c8bf0924a) Importer(815301076,1909f56bfc062723c751e8b465ee728b)
Start importing Assets/Object/LevelTopDown.prefab using Guid(b4c5c7e5fafd34243a6b817c8bf0924a) Importer(815301076,1909f56bfc062723c751e8b465ee728b)  -> (artifact id: 'f41a2d201d332fc528eda15e960e861c') in 0.027165 seconds 
========================================================================
Received Import Request.
  Time since last request: 12.339981 seconds.
  path: Assets/Object/LevelTopDown.prefab
  artifactKey: Guid(b4c5c7e5fafd34243a6b817c8bf0924a) Importer(815301076,1909f56bfc062723c751e8b465ee728b)
Start importing Assets/Object/LevelTopDown.prefab using Guid(b4c5c7e5fafd34243a6b817c8bf0924a) Importer(815301076,1909f56bfc062723c751e8b465ee728b)  -> (artifact id: '27cab2e8348a58a02923e99c0d8820d0') in 0.065681 seconds 
========================================================================
Received Import Request.
  Time since last request: 4.443125 seconds.
  path: Assets/Object/LevelTopDown.prefab
  artifactKey: Guid(b4c5c7e5fafd34243a6b817c8bf0924a) Importer(815301076,1909f56bfc062723c751e8b465ee728b)
Start importing Assets/Object/LevelTopDown.prefab using Guid(b4c5c7e5fafd34243a6b817c8bf0924a) Importer(815301076,1909f56bfc062723c751e8b465ee728b)  -> (artifact id: '3f4c6224b5801b990e4d3ec42ed584e2') in 0.026004 seconds 
========================================================================
Received Import Request.
  Time since last request: 9.249792 seconds.
  path: Assets/Object/LevelTopDown.prefab
  artifactKey: Guid(b4c5c7e5fafd34243a6b817c8bf0924a) Importer(815301076,1909f56bfc062723c751e8b465ee728b)
Start importing Assets/Object/LevelTopDown.prefab using Guid(b4c5c7e5fafd34243a6b817c8bf0924a) Importer(815301076,1909f56bfc062723c751e8b465ee728b)  -> (artifact id: '5d65c351c2607683ce5d1e78a7cd4b76') in 0.066827 seconds 
========================================================================
Received Import Request.
  Time since last request: 13.534493 seconds.
  path: Assets/Object/LevelTopDown.prefab
  artifactKey: Guid(b4c5c7e5fafd34243a6b817c8bf0924a) Importer(815301076,1909f56bfc062723c751e8b465ee728b)
Start importing Assets/Object/LevelTopDown.prefab using Guid(b4c5c7e5fafd34243a6b817c8bf0924a) Importer(815301076,1909f56bfc062723c751e8b465ee728b)  -> (artifact id: '7c260373742087106f7387f29f286049') in 0.065879 seconds 
========================================================================
Received Import Request.
  Time since last request: 5.765868 seconds.
  path: Assets/Object/LevelTopDown.prefab
  artifactKey: Guid(b4c5c7e5fafd34243a6b817c8bf0924a) Importer(815301076,1909f56bfc062723c751e8b465ee728b)
Start importing Assets/Object/LevelTopDown.prefab using Guid(b4c5c7e5fafd34243a6b817c8bf0924a) Importer(815301076,1909f56bfc062723c751e8b465ee728b)  -> (artifact id: 'faf5dee3d06775f26c6d17b81ea989e9') in 0.066599 seconds 
========================================================================
Received Import Request.
  Time since last request: 2.616743 seconds.
  path: Assets/Object/LevelTopDown.prefab
  artifactKey: Guid(b4c5c7e5fafd34243a6b817c8bf0924a) Importer(815301076,1909f56bfc062723c751e8b465ee728b)
Start importing Assets/Object/LevelTopDown.prefab using Guid(b4c5c7e5fafd34243a6b817c8bf0924a) Importer(815301076,1909f56bfc062723c751e8b465ee728b)  -> (artifact id: 'b999d63da65d06258afc30111ef75efb') in 0.026323 seconds 
========================================================================
Received Import Request.
  Time since last request: 0.827513 seconds.
  path: Assets/Object/LevelTopDown.prefab
  artifactKey: Guid(b4c5c7e5fafd34243a6b817c8bf0924a) Importer(815301076,1909f56bfc062723c751e8b465ee728b)
Start importing Assets/Object/LevelTopDown.prefab using Guid(b4c5c7e5fafd34243a6b817c8bf0924a) Importer(815301076,1909f56bfc062723c751e8b465ee728b)  -> (artifact id: '98900dcf82116ce38c50a8d12746ec75') in 0.063813 seconds 
========================================================================
Received Prepare
Registering precompiled user dll's ...
Registered in 0.011892 seconds.
Begin MonoManager ReloadAssembly
Symbol file LoadedFromMemory doesn't match image C:\Users\WillowPunch\OneDrive\Рабочий стол\Practice 4\ZaebisIgra\Library\PackageCache\com.unity.visualscripting@1.7.8\Editor\VisualScripting.Core\Dependencies\YamlDotNet\Unity.VisualScripting.YamlDotNet.dll
Symbol file LoadedFromMemory doesn't match image C:\Users\WillowPunch\OneDrive\Рабочий стол\Practice 4\ZaebisIgra\Library\PackageCache\com.unity.visualscripting@1.7.8\Editor\VisualScripting.Core\Dependencies\DotNetZip\Unity.VisualScripting.IonicZip.dll
Native extension for WindowsStandalone target not found
Refreshing native plugins compatible for Editor in 3.36 ms, found 4 plugins.
Preloading 0 native plugins for Editor in 0.00 ms.
Mono: successfully reloaded assembly
- Completed reload, in  3.533 seconds
Domain Reload Profiling:
	ReloadAssembly (3539ms)
		BeginReloadAssembly (709ms)
			ExecutionOrderSort (0ms)
			DisableScriptedObjects (47ms)
			BackupInstance (0ms)
			ReleaseScriptingObjects (0ms)
			CreateAndSetChildDomain (313ms)
		EndReloadAssembly (2515ms)
			LoadAssemblies (359ms)
			RebuildTransferFunctionScriptingTraits (0ms)
			SetupTypeCache (885ms)
				TypeCache.Initialize (871ms)
					TypeCache.ScanAssembly (847ms)
				ResolveRequiredComponents (14ms)
			ReleaseScriptCaches (6ms)
			RebuildScriptCaches (142ms)
			SetupLoadedEditorAssemblies (1042ms)
				LogAssemblyErrors (0ms)
				InitializePlatformSupportModulesInManaged (38ms)
				SetLoadedEditorAssemblies (21ms)
				RefreshPlugins (4ms)
				BeforeProcessingInitializeOnLoad (232ms)
				ProcessInitializeOnLoadAttributes (651ms)
				ProcessInitializeOnLoadMethodAttributes (92ms)
				AfterProcessingInitializeOnLoad (6ms)
				EditorAssembliesLoaded (0ms)
			ExecutionOrderSort2 (0ms)
			AwakeInstancesAfterBackupRestoration (22ms)
Platform modules already initialized, skipping
Refreshing native plugins compatible for Editor in 7.15 ms, found 4 plugins.
Preloading 0 native plugins for Editor in 0.00 ms.
Unloading 4127 Unused Serialized files (Serialized files now loaded: 0)
Unloading 26 unused Assets / (25.5 KB). Loaded Objects now: 4658.
Memory consumption went from 0.63 GB to 0.63 GB.
Total: 11.148200 ms (FindLiveObjects: 1.085900 ms CreateObjectMapping: 0.759000 ms MarkObjects: 9.034400 ms  DeleteObjects: 0.263400 ms)

AssetImportParameters requested are different than current active one (requested -> active):
  custom:video-decoder-ogg-theora: a1e56fd34408186e4bbccfd4996cb3dc -> 
  custom:container-muxer-webm: aa71ff27fc2769a1b78a27578f13a17b -> 
  custom:container-demuxer-webm: 4f35f7cbe854078d1ac9338744f61a02 -> 
  custom:video-encoder-webm-vp8: eb34c28f22e8b96e1ab97ce403110664 -> 
  custom:video-codec-MediaFoundation-h265: 746d11721c4dcdbdad8f713fa42b33f4 -> 
  custom:audio-encoder-webm-vorbis: bf7c407c2cedff20999df2af8eb42d56 -> 
  custom:framework-win-MediaFoundation: 216162199b28c13a410421893ffa2e32 -> 
  custom:container-demuxer-ogg: 62fdf1f143b41e24485cea50d1cbac27 -> 
  custom:video-decoder-webm-vp8: 9c59270c3fd7afecdb556c50c9e8de78 -> 
  custom:audio-decoder-ogg-vorbis: bf7c407c2cedff20999df2af8eb42d56 -> 
========================================================================
Received Prepare
Registering precompiled user dll's ...
Registered in 0.012196 seconds.
Begin MonoManager ReloadAssembly
Symbol file LoadedFromMemory doesn't match image C:\Users\WillowPunch\OneDrive\Рабочий стол\Practice 4\ZaebisIgra\Library\PackageCache\com.unity.visualscripting@1.7.8\Editor\VisualScripting.Core\Dependencies\YamlDotNet\Unity.VisualScripting.YamlDotNet.dll
Symbol file LoadedFromMemory doesn't match image C:\Users\WillowPunch\OneDrive\Рабочий стол\Practice 4\ZaebisIgra\Library\PackageCache\com.unity.visualscripting@1.7.8\Editor\VisualScripting.Core\Dependencies\DotNetZip\Unity.VisualScripting.IonicZip.dll
Native extension for WindowsStandalone target not found
Refreshing native plugins compatible for Editor in 2.82 ms, found 4 plugins.
Preloading 0 native plugins for Editor in 0.00 ms.
Mono: successfully reloaded assembly
- Completed reload, in  2.815 seconds
Domain Reload Profiling:
	ReloadAssembly (2817ms)
		BeginReloadAssembly (357ms)
			ExecutionOrderSort (0ms)
			DisableScriptedObjects (24ms)
			BackupInstance (0ms)
			ReleaseScriptingObjects (0ms)
			CreateAndSetChildDomain (108ms)
		EndReloadAssembly (2200ms)
			LoadAssemblies (262ms)
			RebuildTransferFunctionScriptingTraits (0ms)
			SetupTypeCache (684ms)
				TypeCache.Initialize (670ms)
					TypeCache.ScanAssembly (656ms)
				ResolveRequiredComponents (14ms)
			ReleaseScriptCaches (4ms)
			RebuildScriptCaches (130ms)
			SetupLoadedEditorAssemblies (958ms)
				LogAssemblyErrors (0ms)
				InitializePlatformSupportModulesInManaged (32ms)
				SetLoadedEditorAssemblies (17ms)
				RefreshPlugins (3ms)
				BeforeProcessingInitializeOnLoad (195ms)
				ProcessInitializeOnLoadAttributes (590ms)
				ProcessInitializeOnLoadMethodAttributes (111ms)
				AfterProcessingInitializeOnLoad (9ms)
				EditorAssembliesLoaded (0ms)
			ExecutionOrderSort2 (0ms)
			AwakeInstancesAfterBackupRestoration (28ms)
Platform modules already initialized, skipping
Refreshing native plugins compatible for Editor in 6.16 ms, found 4 plugins.
Preloading 0 native plugins for Editor in 0.00 ms.
Unloading 4128 Unused Serialized files (Serialized files now loaded: 0)
Unloading 26 unused Assets / (32.7 KB). Loaded Objects now: 4661.
Memory consumption went from 0.63 GB to 0.63 GB.
Total: 6.354000 ms (FindLiveObjects: 0.561200 ms CreateObjectMapping: 0.506300 ms MarkObjects: 5.211000 ms  DeleteObjects: 0.072800 ms)

AssetImportParameters requested are different than current active one (requested -> active):
  custom:video-decoder-ogg-theora: a1e56fd34408186e4bbccfd4996cb3dc -> 
  custom:container-muxer-webm: aa71ff27fc2769a1b78a27578f13a17b -> 
  custom:container-demuxer-webm: 4f35f7cbe854078d1ac9338744f61a02 -> 
  custom:video-encoder-webm-vp8: eb34c28f22e8b96e1ab97ce403110664 -> 
  custom:video-codec-MediaFoundation-h265: 746d11721c4dcdbdad8f713fa42b33f4 -> 
  custom:audio-encoder-webm-vorbis: bf7c407c2cedff20999df2af8eb42d56 -> 
  custom:framework-win-MediaFoundation: 216162199b28c13a410421893ffa2e32 -> 
  custom:container-demuxer-ogg: 62fdf1f143b41e24485cea50d1cbac27 -> 
  custom:video-decoder-webm-vp8: 9c59270c3fd7afecdb556c50c9e8de78 -> 
  custom:audio-decoder-ogg-vorbis: bf7c407c2cedff20999df2af8eb42d56 -> 
========================================================================
Received Prepare
Registering precompiled user dll's ...
Registered in 0.011480 seconds.
Begin MonoManager ReloadAssembly
Symbol file LoadedFromMemory doesn't match image C:\Users\WillowPunch\OneDrive\Рабочий стол\Practice 4\ZaebisIgra\Library\PackageCache\com.unity.visualscripting@1.7.8\Editor\VisualScripting.Core\Dependencies\YamlDotNet\Unity.VisualScripting.YamlDotNet.dll
Symbol file LoadedFromMemory doesn't match image C:\Users\WillowPunch\OneDrive\Рабочий стол\Practice 4\ZaebisIgra\Library\PackageCache\com.unity.visualscripting@1.7.8\Editor\VisualScripting.Core\Dependencies\DotNetZip\Unity.VisualScripting.IonicZip.dll
Native extension for WindowsStandalone target not found
Refreshing native plugins compatible for Editor in 2.89 ms, found 4 plugins.
Preloading 0 native plugins for Editor in 0.00 ms.
Mono: successfully reloaded assembly
- Completed reload, in  2.623 seconds
Domain Reload Profiling:
	ReloadAssembly (2625ms)
		BeginReloadAssembly (286ms)
			ExecutionOrderSort (0ms)
			DisableScriptedObjects (14ms)
			BackupInstance (0ms)
			ReleaseScriptingObjects (0ms)
			CreateAndSetChildDomain (76ms)
		EndReloadAssembly (2159ms)
			LoadAssemblies (231ms)
			RebuildTransferFunctionScriptingTraits (0ms)
			SetupTypeCache (673ms)
				TypeCache.Initialize (658ms)
					TypeCache.ScanAssembly (644ms)
				ResolveRequiredComponents (14ms)
			ReleaseScriptCaches (4ms)
			RebuildScriptCaches (127ms)
			SetupLoadedEditorAssemblies (946ms)
				LogAssemblyErrors (0ms)
				InitializePlatformSupportModulesInManaged (32ms)
				SetLoadedEditorAssemblies (18ms)
				RefreshPlugins (3ms)
				BeforeProcessingInitializeOnLoad (188ms)
				ProcessInitializeOnLoadAttributes (590ms)
				ProcessInitializeOnLoadMethodAttributes (108ms)
				AfterProcessingInitializeOnLoad (8ms)
				EditorAssembliesLoaded (0ms)
			ExecutionOrderSort2 (0ms)
			AwakeInstancesAfterBackupRestoration (31ms)
Platform modules already initialized, skipping
Refreshing native plugins compatible for Editor in 6.60 ms, found 4 plugins.
Preloading 0 native plugins for Editor in 0.00 ms.
Unloading 4128 Unused Serialized files (Serialized files now loaded: 0)
Unloading 26 unused Assets / (32.6 KB). Loaded Objects now: 4664.
Memory consumption went from 0.63 GB to 0.63 GB.
Total: 11.008400 ms (FindLiveObjects: 0.792100 ms CreateObjectMapping: 1.217500 ms MarkObjects: 8.938700 ms  DeleteObjects: 0.057900 ms)

AssetImportParameters requested are different than current active one (requested -> active):
  custom:video-decoder-ogg-theora: a1e56fd34408186e4bbccfd4996cb3dc -> 
  custom:container-muxer-webm: aa71ff27fc2769a1b78a27578f13a17b -> 
  custom:container-demuxer-webm: 4f35f7cbe854078d1ac9338744f61a02 -> 
  custom:video-encoder-webm-vp8: eb34c28f22e8b96e1ab97ce403110664 -> 
  custom:video-codec-MediaFoundation-h265: 746d11721c4dcdbdad8f713fa42b33f4 -> 
  custom:audio-encoder-webm-vorbis: bf7c407c2cedff20999df2af8eb42d56 -> 
  custom:framework-win-MediaFoundation: 216162199b28c13a410421893ffa2e32 -> 
  custom:container-demuxer-ogg: 62fdf1f143b41e24485cea50d1cbac27 -> 
  custom:video-decoder-webm-vp8: 9c59270c3fd7afecdb556c50c9e8de78 -> 
  custom:audio-decoder-ogg-vorbis: bf7c407c2cedff20999df2af8eb42d56 -> 
========================================================================
Received Prepare
Registering precompiled user dll's ...
Registered in 0.012487 seconds.
Begin MonoManager ReloadAssembly
Symbol file LoadedFromMemory doesn't match image C:\Users\WillowPunch\OneDrive\Рабочий стол\Practice 4\ZaebisIgra\Library\PackageCache\com.unity.visualscripting@1.7.8\Editor\VisualScripting.Core\Dependencies\YamlDotNet\Unity.VisualScripting.YamlDotNet.dll
Symbol file LoadedFromMemory doesn't match image C:\Users\WillowPunch\OneDrive\Рабочий стол\Practice 4\ZaebisIgra\Library\PackageCache\com.unity.visualscripting@1.7.8\Editor\VisualScripting.Core\Dependencies\DotNetZip\Unity.VisualScripting.IonicZip.dll
Native extension for WindowsStandalone target not found
Refreshing native plugins compatible for Editor in 2.61 ms, found 4 plugins.
Preloading 0 native plugins for Editor in 0.00 ms.
Mono: successfully reloaded assembly
- Completed reload, in  2.763 seconds
Domain Reload Profiling:
	ReloadAssembly (2764ms)
		BeginReloadAssembly (349ms)
			ExecutionOrderSort (0ms)
			DisableScriptedObjects (15ms)
			BackupInstance (0ms)
			ReleaseScriptingObjects (0ms)
			CreateAndSetChildDomain (73ms)
		EndReloadAssembly (2157ms)
			LoadAssemblies (306ms)
			RebuildTransferFunctionScriptingTraits (0ms)
			SetupTypeCache (648ms)
				TypeCache.Initialize (635ms)
					TypeCache.ScanAssembly (621ms)
				ResolveRequiredComponents (13ms)
			ReleaseScriptCaches (4ms)
			RebuildScriptCaches (133ms)
			SetupLoadedEditorAssemblies (905ms)
				LogAssemblyErrors (0ms)
				InitializePlatformSupportModulesInManaged (29ms)
				SetLoadedEditorAssemblies (17ms)
				RefreshPlugins (3ms)
				BeforeProcessingInitializeOnLoad (189ms)
				ProcessInitializeOnLoadAttributes (561ms)
				ProcessInitializeOnLoadMethodAttributes (98ms)
				AfterProcessingInitializeOnLoad (8ms)
				EditorAssembliesLoaded (0ms)
			ExecutionOrderSort2 (0ms)
			AwakeInstancesAfterBackupRestoration (25ms)
Platform modules already initialized, skipping
Refreshing native plugins compatible for Editor in 8.62 ms, found 4 plugins.
Preloading 0 native plugins for Editor in 0.00 ms.
Unloading 4128 Unused Serialized files (Serialized files now loaded: 0)
Unloading 26 unused Assets / (32.7 KB). Loaded Objects now: 4667.
Memory consumption went from 0.63 GB to 0.63 GB.
Total: 7.075500 ms (FindLiveObjects: 0.503100 ms CreateObjectMapping: 0.399100 ms MarkObjects: 6.077100 ms  DeleteObjects: 0.093400 ms)

AssetImportParameters requested are different than current active one (requested -> active):
  custom:video-decoder-ogg-theora: a1e56fd34408186e4bbccfd4996cb3dc -> 
  custom:container-muxer-webm: aa71ff27fc2769a1b78a27578f13a17b -> 
  custom:container-demuxer-webm: 4f35f7cbe854078d1ac9338744f61a02 -> 
  custom:video-encoder-webm-vp8: eb34c28f22e8b96e1ab97ce403110664 -> 
  custom:video-codec-MediaFoundation-h265: 746d11721c4dcdbdad8f713fa42b33f4 -> 
  custom:audio-encoder-webm-vorbis: bf7c407c2cedff20999df2af8eb42d56 -> 
  custom:framework-win-MediaFoundation: 216162199b28c13a410421893ffa2e32 -> 
  custom:container-demuxer-ogg: 62fdf1f143b41e24485cea50d1cbac27 -> 
  custom:video-decoder-webm-vp8: 9c59270c3fd7afecdb556c50c9e8de78 -> 
  custom:audio-decoder-ogg-vorbis: bf7c407c2cedff20999df2af8eb42d56 -> 
========================================================================
Received Prepare
Registering precompiled user dll's ...
Registered in 0.012768 seconds.
Begin MonoManager ReloadAssembly
Symbol file LoadedFromMemory doesn't match image C:\Users\WillowPunch\OneDrive\Рабочий стол\Practice 4\ZaebisIgra\Library\PackageCache\com.unity.visualscripting@1.7.8\Editor\VisualScripting.Core\Dependencies\YamlDotNet\Unity.VisualScripting.YamlDotNet.dll
Symbol file LoadedFromMemory doesn't match image C:\Users\WillowPunch\OneDrive\Рабочий стол\Practice 4\ZaebisIgra\Library\PackageCache\com.unity.visualscripting@1.7.8\Editor\VisualScripting.Core\Dependencies\DotNetZip\Unity.VisualScripting.IonicZip.dll
Native extension for WindowsStandalone target not found
Refreshing native plugins compatible for Editor in 1.39 ms, found 4 plugins.
Preloading 0 native plugins for Editor in 0.00 ms.
Mono: successfully reloaded assembly
- Completed reload, in  2.623 seconds
Domain Reload Profiling:
	ReloadAssembly (2624ms)
		BeginReloadAssembly (261ms)
			ExecutionOrderSort (0ms)
			DisableScriptedObjects (12ms)
			BackupInstance (0ms)
			ReleaseScriptingObjects (0ms)
			CreateAndSetChildDomain (67ms)
		EndReloadAssembly (2130ms)
			LoadAssemblies (247ms)
			RebuildTransferFunctionScriptingTraits (0ms)
			SetupTypeCache (654ms)
				TypeCache.Initialize (640ms)
					TypeCache.ScanAssembly (624ms)
				ResolveRequiredComponents (14ms)
			ReleaseScriptCaches (4ms)
			RebuildScriptCaches (133ms)
			SetupLoadedEditorAssemblies (912ms)
				LogAssemblyErrors (0ms)
				InitializePlatformSupportModulesInManaged (31ms)
				SetLoadedEditorAssemblies (15ms)
				RefreshPlugins (2ms)
				BeforeProcessingInitializeOnLoad (184ms)
				ProcessInitializeOnLoadAttributes (569ms)
				ProcessInitializeOnLoadMethodAttributes (100ms)
				AfterProcessingInitializeOnLoad (9ms)
				EditorAssembliesLoaded (0ms)
			ExecutionOrderSort2 (0ms)
			AwakeInstancesAfterBackupRestoration (28ms)
Platform modules already initialized, skipping
Refreshing native plugins compatible for Editor in 5.16 ms, found 4 plugins.
Preloading 0 native plugins for Editor in 0.00 ms.
Unloading 4128 Unused Serialized files (Serialized files now loaded: 0)
Unloading 26 unused Assets / (32.6 KB). Loaded Objects now: 4670.
Memory consumption went from 0.63 GB to 0.63 GB.
Total: 10.004100 ms (FindLiveObjects: 0.819800 ms CreateObjectMapping: 0.941400 ms MarkObjects: 8.187400 ms  DeleteObjects: 0.051900 ms)

AssetImportParameters requested are different than current active one (requested -> active):
  custom:video-decoder-ogg-theora: a1e56fd34408186e4bbccfd4996cb3dc -> 
  custom:container-muxer-webm: aa71ff27fc2769a1b78a27578f13a17b -> 
  custom:container-demuxer-webm: 4f35f7cbe854078d1ac9338744f61a02 -> 
  custom:video-encoder-webm-vp8: eb34c28f22e8b96e1ab97ce403110664 -> 
  custom:video-codec-MediaFoundation-h265: 746d11721c4dcdbdad8f713fa42b33f4 -> 
  custom:audio-encoder-webm-vorbis: bf7c407c2cedff20999df2af8eb42d56 -> 
  custom:framework-win-MediaFoundation: 216162199b28c13a410421893ffa2e32 -> 
  custom:container-demuxer-ogg: 62fdf1f143b41e24485cea50d1cbac27 -> 
  custom:video-decoder-webm-vp8: 9c59270c3fd7afecdb556c50c9e8de78 -> 
  custom:audio-decoder-ogg-vorbis: bf7c407c2cedff20999df2af8eb42d56 -> 
========================================================================
Received Prepare
Registering precompiled user dll's ...
Registered in 0.043284 seconds.
Begin MonoManager ReloadAssembly
Symbol file LoadedFromMemory doesn't match image C:\Users\WillowPunch\OneDrive\Рабочий стол\Practice 4\ZaebisIgra\Library\PackageCache\com.unity.visualscripting@1.7.8\Editor\VisualScripting.Core\Dependencies\YamlDotNet\Unity.VisualScripting.YamlDotNet.dll
Symbol file LoadedFromMemory doesn't match image C:\Users\WillowPunch\OneDrive\Рабочий стол\Practice 4\ZaebisIgra\Library\PackageCache\com.unity.visualscripting@1.7.8\Editor\VisualScripting.Core\Dependencies\DotNetZip\Unity.VisualScripting.IonicZip.dll
Native extension for WindowsStandalone target not found
Refreshing native plugins compatible for Editor in 2.75 ms, found 4 plugins.
Preloading 0 native plugins for Editor in 0.00 ms.
Mono: successfully reloaded assembly
- Completed reload, in  2.826 seconds
Domain Reload Profiling:
	ReloadAssembly (2828ms)
		BeginReloadAssembly (395ms)
			ExecutionOrderSort (0ms)
			DisableScriptedObjects (57ms)
			BackupInstance (0ms)
			ReleaseScriptingObjects (0ms)
			CreateAndSetChildDomain (106ms)
		EndReloadAssembly (2174ms)
			LoadAssemblies (297ms)
			RebuildTransferFunctionScriptingTraits (0ms)
			SetupTypeCache (660ms)
				TypeCache.Initialize (647ms)
					TypeCache.ScanAssembly (632ms)
				ResolveRequiredComponents (13ms)
			ReleaseScriptCaches (4ms)
			RebuildScriptCaches (129ms)
			SetupLoadedEditorAssemblies (946ms)
				LogAssemblyErrors (0ms)
				InitializePlatformSupportModulesInManaged (35ms)
				SetLoadedEditorAssemblies (21ms)
				RefreshPlugins (3ms)
				BeforeProcessingInitializeOnLoad (207ms)
				ProcessInitializeOnLoadAttributes (569ms)
				ProcessInitializeOnLoadMethodAttributes (102ms)
				AfterProcessingInitializeOnLoad (9ms)
				EditorAssembliesLoaded (0ms)
			ExecutionOrderSort2 (0ms)
			AwakeInstancesAfterBackupRestoration (28ms)
Platform modules already initialized, skipping
Refreshing native plugins compatible for Editor in 8.59 ms, found 4 plugins.
Preloading 0 native plugins for Editor in 0.00 ms.
Unloading 4128 Unused Serialized files (Serialized files now loaded: 0)
Unloading 26 unused Assets / (32.6 KB). Loaded Objects now: 4673.
Memory consumption went from 0.63 GB to 0.63 GB.
Total: 9.827500 ms (FindLiveObjects: 0.676500 ms CreateObjectMapping: 0.476900 ms MarkObjects: 8.615100 ms  DeleteObjects: 0.055800 ms)

AssetImportParameters requested are different than current active one (requested -> active):
  custom:video-decoder-ogg-theora: a1e56fd34408186e4bbccfd4996cb3dc -> 
  custom:container-muxer-webm: aa71ff27fc2769a1b78a27578f13a17b -> 
  custom:container-demuxer-webm: 4f35f7cbe854078d1ac9338744f61a02 -> 
  custom:video-encoder-webm-vp8: eb34c28f22e8b96e1ab97ce403110664 -> 
  custom:video-codec-MediaFoundation-h265: 746d11721c4dcdbdad8f713fa42b33f4 -> 
  custom:audio-encoder-webm-vorbis: bf7c407c2cedff20999df2af8eb42d56 -> 
  custom:framework-win-MediaFoundation: 216162199b28c13a410421893ffa2e32 -> 
  custom:container-demuxer-ogg: 62fdf1f143b41e24485cea50d1cbac27 -> 
  custom:video-decoder-webm-vp8: 9c59270c3fd7afecdb556c50c9e8de78 -> 
  custom:audio-decoder-ogg-vorbis: bf7c407c2cedff20999df2af8eb42d56 -> 
========================================================================
Received Import Request.
  Time since last request: 1151.936469 seconds.
  path: Assets/Materials/Floor.prefab
  artifactKey: Guid(fde1b8cff346ea74eb614e00f224f6d0) Importer(815301076,1909f56bfc062723c751e8b465ee728b)
Start importing Assets/Materials/Floor.prefab using Guid(fde1b8cff346ea74eb614e00f224f6d0) Importer(815301076,1909f56bfc062723c751e8b465ee728b)  -> (artifact id: '4e273032f5c45a0dd332aab59d7ce6f0') in 0.197619 seconds 
========================================================================
Received Import Request.
  Time since last request: 150.594240 seconds.
  path: Assets/Materials/our-best-proj/tileset1.png
  artifactKey: Guid(3efc1116f742c684582beaf002f954d6) Importer(815301076,1909f56bfc062723c751e8b465ee728b)
Start importing Assets/Materials/our-best-proj/tileset1.png using Guid(3efc1116f742c684582beaf002f954d6) Importer(815301076,1909f56bfc062723c751e8b465ee728b)  -> (artifact id: '536cc58db182a7459330c81af061b7ef') in 0.263177 seconds 
========================================================================
Received Import Request.
  Time since last request: 31.840736 seconds.
  path: Assets/Materials/our-best-proj/tileset1.png
  artifactKey: Guid(3efc1116f742c684582beaf002f954d6) Importer(815301076,1909f56bfc062723c751e8b465ee728b)
Start importing Assets/Materials/our-best-proj/tileset1.png using Guid(3efc1116f742c684582beaf002f954d6) Importer(815301076,1909f56bfc062723c751e8b465ee728b)  -> (artifact id: '9881c2c68ae7c92dbf7101897eb210e3') in 0.329935 seconds 
========================================================================
Received Import Request.
  Time since last request: 12.498526 seconds.
  path: Assets/Object/GrappleBlock.prefab
  artifactKey: Guid(90d4565b83f317943989efb8e3cd8cbe) Importer(815301076,1909f56bfc062723c751e8b465ee728b)
Start importing Assets/Object/GrappleBlock.prefab using Guid(90d4565b83f317943989efb8e3cd8cbe) Importer(815301076,1909f56bfc062723c751e8b465ee728b)  -> (artifact id: '191379cd4acd6db12cc12cad2ba762de') in 0.095611 seconds 
========================================================================
Received Import Request.
  Time since last request: 35.530314 seconds.
  path: Assets/Materials/tileset1_16.asset
  artifactKey: Guid(2469d326c69608f45b1030b9ee427f87) Importer(815301076,1909f56bfc062723c751e8b465ee728b)
Start importing Assets/Materials/tileset1_16.asset using Guid(2469d326c69608f45b1030b9ee427f87) Importer(815301076,1909f56bfc062723c751e8b465ee728b)  -> (artifact id: '1c387f0362bd16ee613b364badde6aa6') in 0.133182 seconds 
========================================================================
Received Import Request.
  Time since last request: 0.000072 seconds.
  path: Assets/Materials/tileset1_19.asset
  artifactKey: Guid(6e4e1bd6a225fce40802bbf24d6d34d9) Importer(815301076,1909f56bfc062723c751e8b465ee728b)
Start importing Assets/Materials/tileset1_19.asset using Guid(6e4e1bd6a225fce40802bbf24d6d34d9) Importer(815301076,1909f56bfc062723c751e8b465ee728b)  -> (artifact id: '8cb5e23fbba78f7b781cf690b9959134') in 0.066128 seconds 
========================================================================
Received Import Request.
  Time since last request: 0.000055 seconds.
  path: Assets/Materials/tileset1_21.asset
  artifactKey: Guid(ddb33a9ee5cb7144788f5b3509185694) Importer(815301076,1909f56bfc062723c751e8b465ee728b)
Start importing Assets/Materials/tileset1_21.asset using Guid(ddb33a9ee5cb7144788f5b3509185694) Importer(815301076,1909f56bfc062723c751e8b465ee728b)  -> (artifact id: '42c1c9f71714051c80d5b0cf429bf461') in 0.083381 seconds 
========================================================================
Received Import Request.
  Time since last request: 0.000045 seconds.
  path: Assets/Materials/tileset1_18.asset
  artifactKey: Guid(d1728cc423e270c4e868462abd063485) Importer(815301076,1909f56bfc062723c751e8b465ee728b)
Start importing Assets/Materials/tileset1_18.asset using Guid(d1728cc423e270c4e868462abd063485) Importer(815301076,1909f56bfc062723c751e8b465ee728b)  -> (artifact id: 'ae597a6c29fae4a584bd8abafba5c3b2') in 0.040118 seconds 
========================================================================
Received Import Request.
  Time since last request: 0.000062 seconds.
  path: Assets/Materials/tileset1_22.asset
  artifactKey: Guid(ab226f8af03470e45b8aa599557a3426) Importer(815301076,1909f56bfc062723c751e8b465ee728b)
Start importing Assets/Materials/tileset1_22.asset using Guid(ab226f8af03470e45b8aa599557a3426) Importer(815301076,1909f56bfc062723c751e8b465ee728b)  -> (artifact id: '5533b7064e1a9c9728b65c10d1eb71d1') in 0.026869 seconds 
========================================================================
Received Import Request.
  Time since last request: 0.477764 seconds.
  path: Assets/Materials/tileset1_4.asset
  artifactKey: Guid(7c51dfdeaba8feb49b1872dd9231e492) Importer(815301076,1909f56bfc062723c751e8b465ee728b)
Start importing Assets/Materials/tileset1_4.asset using Guid(7c51dfdeaba8feb49b1872dd9231e492) Importer(815301076,1909f56bfc062723c751e8b465ee728b)  -> (artifact id: '42de07fce7ee14e77096c4bc1a6853a7') in 0.070677 seconds 
========================================================================
Received Import Request.
  Time since last request: 0.000038 seconds.
  path: Assets/Materials/tileset1_6.asset
  artifactKey: Guid(b4fb4031320a32a4a842923580c7b918) Importer(815301076,1909f56bfc062723c751e8b465ee728b)
Start importing Assets/Materials/tileset1_6.asset using Guid(b4fb4031320a32a4a842923580c7b918) Importer(815301076,1909f56bfc062723c751e8b465ee728b)  -> (artifact id: '876f8851ab5ad7807c24e8236adf5fc2') in 0.043423 seconds 
========================================================================
Received Import Request.
  Time since last request: 0.000134 seconds.
  path: Assets/Materials/tileset1_13.asset
  artifactKey: Guid(971c4a4a7b4dbb248b99a3e35dee1858) Importer(815301076,1909f56bfc062723c751e8b465ee728b)
Start importing Assets/Materials/tileset1_13.asset using Guid(971c4a4a7b4dbb248b99a3e35dee1858) Importer(815301076,1909f56bfc062723c751e8b465ee728b)  -> (artifact id: 'c10553f052b41616c43670dc01459d1b') in 0.061085 seconds 
========================================================================
Received Import Request.
  Time since last request: 0.000075 seconds.
  path: Assets/Materials/tileset1_7.asset
  artifactKey: Guid(2f96f1bdd291daf4dab503764f2f190d) Importer(815301076,1909f56bfc062723c751e8b465ee728b)
Start importing Assets/Materials/tileset1_7.asset using Guid(2f96f1bdd291daf4dab503764f2f190d) Importer(815301076,1909f56bfc062723c751e8b465ee728b)  -> (artifact id: '998fdced1abbb0a3155319ebf2f39e23') in 0.050544 seconds 
========================================================================
Received Import Request.
  Time since last request: 0.000073 seconds.
  path: Assets/Materials/tileset1_9.asset
  artifactKey: Guid(dfb1c5889414c34408c5993808051499) Importer(815301076,1909f56bfc062723c751e8b465ee728b)
Start importing Assets/Materials/tileset1_9.asset using Guid(dfb1c5889414c34408c5993808051499) Importer(815301076,1909f56bfc062723c751e8b465ee728b)  -> (artifact id: '514147c76fc47d193f836f17be2e24cc') in 0.071440 seconds 
========================================================================
Received Import Request.
  Time since last request: 0.000047 seconds.
  path: Assets/Materials/tileset1_14.asset
  artifactKey: Guid(c125096c704ad5c4f97f7ca8ae766566) Importer(815301076,1909f56bfc062723c751e8b465ee728b)
Start importing Assets/Materials/tileset1_14.asset using Guid(c125096c704ad5c4f97f7ca8ae766566) Importer(815301076,1909f56bfc062723c751e8b465ee728b)  -> (artifact id: '00c7b130b39a09204118ce6175837599') in 0.040824 seconds 
========================================================================
Received Import Request.
  Time since last request: 0.008041 seconds.
  path: Assets/Materials/1st_floor_temple.prefab
  artifactKey: Guid(055c0adc13296ba4b905ac1827afdfa3) Importer(815301076,1909f56bfc062723c751e8b465ee728b)
Start importing Assets/Materials/1st_floor_temple.prefab using Guid(055c0adc13296ba4b905ac1827afdfa3) Importer(815301076,1909f56bfc062723c751e8b465ee728b)  -> (artifact id: 'd8dc0730ede8af807c7711ec35b1f106') in 0.093595 seconds 
========================================================================
Received Import Request.
  Time since last request: 0.000044 seconds.
  path: Assets/Materials/tileset1_3.asset
  artifactKey: Guid(ef877a35f01eb32438b22bd6810888a7) Importer(815301076,1909f56bfc062723c751e8b465ee728b)
Start importing Assets/Materials/tileset1_3.asset using Guid(ef877a35f01eb32438b22bd6810888a7) Importer(815301076,1909f56bfc062723c751e8b465ee728b)  -> (artifact id: '0d8533026470fbc4a8c7a3f12736d117') in 0.050119 seconds 
Editor requested this worker to shutdown with reason: Scaling down because of idle timeout
AssetImportWorker is now disconnected from the server
Process exiting
Exiting without the bug reporter. Application will terminate with return code 0